2017-11-16 18:51:07 [scrapy.middleware] INFO: Enabled extensions:
['scrapy.extensions.logstats.LogStats',
 'scrapy.extensions.telnet.TelnetConsole',
 'scrapy.extensions.corestats.CoreStats']
2017-11-16 18:51:07 [scrapy.middleware] INFO: Enabled downloader middlewares:
['scrapy.downloadermiddlewares.httpauth.HttpAuthMiddleware',
 'scrapy.downloadermiddlewares.downloadtimeout.DownloadTimeoutMiddleware',
 'scrapy.downloadermiddlewares.defaultheaders.DefaultHeadersMiddleware',
 'crawl.middlewares.middlewares.RotateUserAgentMiddleware',
 'scrapy.downloadermiddlewares.retry.RetryMiddleware',
 'scrapy.downloadermiddlewares.redirect.MetaRefreshMiddleware',
 'scrapy.downloadermiddlewares.redirect.RedirectMiddleware',
 'crawl.middlewares.middlewares.CookiesSaveingMiddleware',
 'scrapy.downloadermiddlewares.cookies.CookiesMiddleware',
 'scrapy_splash.SplashCookiesMiddleware',
 'scrapy_splash.SplashMiddleware',
 'scrapy.downloadermiddlewares.httpproxy.HttpProxyMiddleware',
 'scrapy.downloadermiddlewares.httpcompression.HttpCompressionMiddleware',
 'scrapy.downloadermiddlewares.stats.DownloaderStats']
2017-11-16 18:51:07 [scrapy.middleware] INFO: Enabled spider middlewares:
['scrapy.spidermiddlewares.httperror.HttpErrorMiddleware',
 'scrapy.spidermiddlewares.offsite.OffsiteMiddleware',
 'scrapy.spidermiddlewares.referer.RefererMiddleware',
 'scrapy.spidermiddlewares.urllength.UrlLengthMiddleware',
 'scrapy.spidermiddlewares.depth.DepthMiddleware']
2017-11-16 18:51:07 [scrapy.middleware] INFO: Enabled item pipelines:
['crawl.pipelines.database.DatabasePipeline']
2017-11-16 18:51:07 [scrapy.core.engine] INFO: Spider opened
2017-11-16 18:51:07 [scrapy.extensions.logstats] INFO: Crawled 0 pages (at 0 pages/min), scraped 0 items (at 0 items/min)
2017-11-16 18:51:07 [crawl.middlewares.middlewares] INFO: [Crawl url] https://tj.lianjia.com/ershoufang/101102157605.html, 
	Current UserAgent: Mozilla/5.0 (Windows NT 6.1) AppleWebKit/537.36 (KHTML, like Gecko) Chrome/41.0.2228.0 Safari/537.36
2017-11-16 18:51:09 [py.warnings] WARNING: e:\tool\python\lib\site-packages\pymysql\cursors.py:166: Warning: (1265, u"Data truncated for column 'layout_datas' at row 81")
  result = self._query(query)

2017-11-16 18:51:09 [py.warnings] WARNING: e:\tool\python\lib\site-packages\pymysql\cursors.py:166: Warning: (1265, u"Data truncated for column 'property_term' at row 81")
  result = self._query(query)

2017-11-16 18:51:09 [crawl.middlewares.middlewares] INFO: [Crawl url] https://tj.lianjia.com/ershoufang/101101671034.html, 
	Current UserAgent: Mozilla/5.0 (Windows NT 6.0) AppleWebKit/536.5 (KHTML, like Gecko) Chrome/19.0.1084.36 Safari/536.5
2017-11-16 18:51:10 [py.warnings] WARNING: e:\tool\python\lib\site-packages\pymysql\cursors.py:166: Warning: (1265, u"Data truncated for column 'layout_datas' at row 14")
  result = self._query(query)

2017-11-16 18:51:10 [py.warnings] WARNING: e:\tool\python\lib\site-packages\pymysql\cursors.py:166: Warning: (1265, u"Data truncated for column 'images' at row 14")
  result = self._query(query)

2017-11-16 18:51:10 [py.warnings] WARNING: e:\tool\python\lib\site-packages\pymysql\cursors.py:166: Warning: (1265, u"Data truncated for column 'property_term' at row 14")
  result = self._query(query)

2017-11-16 18:51:10 [crawl.middlewares.middlewares] INFO: [Crawl url] https://tj.lianjia.com/ershoufang/101101782243.html, 
	Current UserAgent: Mozilla/5.0 (Windows NT 6.1; WOW64) AppleWebKit/536.3 (KHTML, like Gecko) Chrome/19.0.1063.0 Safari/536.3
2017-11-16 18:51:11 [py.warnings] WARNING: e:\tool\python\lib\site-packages\pymysql\cursors.py:166: Warning: (1265, u"Data truncated for column 'layout_datas' at row 39")
  result = self._query(query)

2017-11-16 18:51:11 [py.warnings] WARNING: e:\tool\python\lib\site-packages\pymysql\cursors.py:166: Warning: (1265, u"Data truncated for column 'property_term' at row 39")
  result = self._query(query)

2017-11-16 18:51:11 [crawl.middlewares.middlewares] INFO: [Crawl url] https://tj.lianjia.com/ershoufang/101101493981.html, 
	Current UserAgent: Mozilla/5.0 (Windows NT 6.2) AppleWebKit/536.3 (KHTML, like Gecko) Chrome/19.0.1061.1 Safari/536.3
2017-11-16 18:51:11 [py.warnings] WARNING: e:\tool\python\lib\site-packages\pymysql\cursors.py:166: Warning: (1265, u"Data truncated for column 'layout_datas' at row 22")
  result = self._query(query)

2017-11-16 18:51:11 [py.warnings] WARNING: e:\tool\python\lib\site-packages\pymysql\cursors.py:166: Warning: (1265, u"Data truncated for column 'property_term' at row 22")
  result = self._query(query)

2017-11-16 18:51:12 [crawl.middlewares.middlewares] INFO: [Crawl url] https://tj.lianjia.com/ershoufang/101102268984.html, 
	Current UserAgent: Mozilla/5.0 (Windows NT 6.1) AppleWebKit/537.36 (KHTML, like Gecko) Chrome/41.0.2228.0 Safari/537.36
2017-11-16 18:51:12 [py.warnings] WARNING: e:\tool\python\lib\site-packages\pymysql\cursors.py:166: Warning: (1265, u"Data truncated for column 'layout_datas' at row 34")
  result = self._query(query)

2017-11-16 18:51:12 [py.warnings] WARNING: e:\tool\python\lib\site-packages\pymysql\cursors.py:166: Warning: (1265, u"Data truncated for column 'property_term' at row 34")
  result = self._query(query)

2017-11-16 18:51:12 [crawl.middlewares.middlewares] INFO: [Crawl url] https://tj.lianjia.com/ershoufang/101102301638.html, 
	Current UserAgent: Mozilla/5.0 (Windows NT 6.1; WOW64) AppleWebKit/536.3 (KHTML, like Gecko) Chrome/19.0.1063.0 Safari/536.3
2017-11-16 18:51:13 [py.warnings] WARNING: e:\tool\python\lib\site-packages\pymysql\cursors.py:166: Warning: (1265, u"Data truncated for column 'layout_datas' at row 119")
  result = self._query(query)

2017-11-16 18:51:13 [py.warnings] WARNING: e:\tool\python\lib\site-packages\pymysql\cursors.py:166: Warning: (1265, u"Data truncated for column 'property_term' at row 119")
  result = self._query(query)

2017-11-16 18:51:13 [crawl.middlewares.middlewares] INFO: [Crawl url] https://tj.lianjia.com/ershoufang/101101612630.html, 
	Current UserAgent: Mozilla/5.0 (Windows NT 6.2) AppleWebKit/536.3 (KHTML, like Gecko) Chrome/19.0.1061.0 Safari/536.3
2017-11-16 18:51:14 [py.warnings] WARNING: e:\tool\python\lib\site-packages\pymysql\cursors.py:166: Warning: (1265, u"Data truncated for column 'layout_datas' at row 109")
  result = self._query(query)

2017-11-16 18:51:14 [py.warnings] WARNING: e:\tool\python\lib\site-packages\pymysql\cursors.py:166: Warning: (1265, u"Data truncated for column 'images' at row 109")
  result = self._query(query)

2017-11-16 18:51:14 [py.warnings] WARNING: e:\tool\python\lib\site-packages\pymysql\cursors.py:166: Warning: (1265, u"Data truncated for column 'property_term' at row 109")
  result = self._query(query)

2017-11-16 18:51:14 [crawl.middlewares.middlewares] INFO: [Crawl url] https://tj.lianjia.com/ershoufang/101102287225.html, 
	Current UserAgent: Mozilla/5.0 (Windows NT 6.1; WOW64) AppleWebKit/536.3 (KHTML, like Gecko) Chrome/19.0.1062.0 Safari/536.3
2017-11-16 18:51:15 [py.warnings] WARNING: e:\tool\python\lib\site-packages\pymysql\cursors.py:166: Warning: (1265, u"Data truncated for column 'layout_datas' at row 26")
  result = self._query(query)

2017-11-16 18:51:15 [py.warnings] WARNING: e:\tool\python\lib\site-packages\pymysql\cursors.py:166: Warning: (1265, u"Data truncated for column 'property_term' at row 26")
  result = self._query(query)

2017-11-16 18:51:15 [crawl.middlewares.middlewares] INFO: [Crawl url] https://tj.lianjia.com/ershoufang/101101111983.html, 
	Current UserAgent: Mozilla/5.0 (Windows NT 6.1; WOW64) AppleWebKit/536.3 (KHTML, like Gecko) Chrome/19.0.1063.0 Safari/536.3
2017-11-16 18:51:16 [py.warnings] WARNING: e:\tool\python\lib\site-packages\pymysql\cursors.py:166: Warning: (1265, u"Data truncated for column 'layout_datas' at row 85")
  result = self._query(query)

2017-11-16 18:51:16 [py.warnings] WARNING: e:\tool\python\lib\site-packages\pymysql\cursors.py:166: Warning: (1265, u"Data truncated for column 'property_term' at row 85")
  result = self._query(query)

2017-11-16 18:51:16 [crawl.middlewares.middlewares] INFO: [Crawl url] https://tj.lianjia.com/ershoufang/101102171972.html, 
	Current UserAgent: Mozilla/5.0 (Windows NT 6.2) AppleWebKit/536.3 (KHTML, like Gecko) Chrome/19.0.1062.0 Safari/536.3
2017-11-16 18:51:16 [py.warnings] WARNING: e:\tool\python\lib\site-packages\pymysql\cursors.py:166: Warning: (1265, u"Data truncated for column 'layout_datas' at row 47")
  result = self._query(query)

2017-11-16 18:51:16 [py.warnings] WARNING: e:\tool\python\lib\site-packages\pymysql\cursors.py:166: Warning: (1265, u"Data truncated for column 'property_term' at row 47")
  result = self._query(query)

2017-11-16 18:51:17 [crawl.middlewares.middlewares] INFO: [Crawl url] https://tj.lianjia.com/ershoufang/101101832835.html, 
	Current UserAgent: Mozilla/5.0 (Windows NT 6.2) AppleWebKit/536.3 (KHTML, like Gecko) Chrome/19.0.1061.1 Safari/536.3
2017-11-16 18:51:17 [py.warnings] WARNING: e:\tool\python\lib\site-packages\pymysql\cursors.py:166: Warning: (1265, u"Data truncated for column 'layout_datas' at row 1")
  result = self._query(query)

2017-11-16 18:51:17 [py.warnings] WARNING: e:\tool\python\lib\site-packages\pymysql\cursors.py:166: Warning: (1265, u"Data truncated for column 'property_term' at row 1")
  result = self._query(query)

2017-11-16 18:51:17 [crawl.middlewares.middlewares] INFO: [Crawl url] https://tj.lianjia.com/ershoufang/101102279221.html, 
	Current UserAgent: Mozilla/5.0 (Linux; U; Android 2.2.1; en-ca; LG-P505R Build/FRG83) AppleWebKit/533.1 (KHTML, like Gecko) Version/4.0 Mobile Safari/533.1
2017-11-16 18:51:18 [crawl.middlewares.middlewares] INFO: [Crawl url] https://m.lianjia.com/tj/ershoufang/101102279221.html, 
	Current UserAgent: Mozilla/5.0 (Windows NT 6.1; WOW64) AppleWebKit/536.3 (KHTML, like Gecko) Chrome/19.0.1063.0 Safari/536.3
2017-11-16 18:51:19 [scrapy.crawler] INFO: Received SIGINT, shutting down gracefully. Send again to force 
2017-11-16 18:51:19 [scrapy.core.engine] INFO: Closing spider (shutdown)
2017-11-16 18:51:20 [scrapy.crawler] INFO: Received SIGINT twice, forcing unclean shutdown
2017-11-16 18:51:20 [scrapy.statscollectors] INFO: Dumping Scrapy stats:
{'downloader/request_bytes': 7613,
 'downloader/request_count': 13,
 'downloader/request_method_count/GET': 13,
 'downloader/response_bytes': 318775,
 'downloader/response_count': 13,
 'downloader/response_status_count/200': 12,
 'downloader/response_status_count/301': 1,
 'finish_reason': 'shutdown',
 'finish_time': datetime.datetime(2017, 11, 16, 10, 51, 20, 144000),
 'item_scraped_count': 12,
 'log_count/INFO': 22,
 'log_count/WARNING': 24,
 'request_depth_max': 12,
 'response_received_count': 12,
 'scheduler/dequeued': 13,
 'scheduler/dequeued/memory': 13,
 'scheduler/enqueued': 14,
 'scheduler/enqueued/memory': 14,
 'start_time': datetime.datetime(2017, 11, 16, 10, 51, 7, 699000)}
2017-11-16 18:51:20 [scrapy.core.engine] INFO: Spider closed (shutdown)
2017-11-16 18:51:59 [scrapy.middleware] INFO: Enabled extensions:
['scrapy.extensions.logstats.LogStats',
 'scrapy.extensions.telnet.TelnetConsole',
 'scrapy.extensions.corestats.CoreStats']
2017-11-16 18:51:59 [scrapy.middleware] INFO: Enabled downloader middlewares:
['scrapy.downloadermiddlewares.httpauth.HttpAuthMiddleware',
 'scrapy.downloadermiddlewares.downloadtimeout.DownloadTimeoutMiddleware',
 'scrapy.downloadermiddlewares.defaultheaders.DefaultHeadersMiddleware',
 'crawl.middlewares.middlewares.RotateUserAgentMiddleware',
 'scrapy.downloadermiddlewares.retry.RetryMiddleware',
 'scrapy.downloadermiddlewares.redirect.MetaRefreshMiddleware',
 'scrapy.downloadermiddlewares.redirect.RedirectMiddleware',
 'crawl.middlewares.middlewares.CookiesSaveingMiddleware',
 'scrapy.downloadermiddlewares.cookies.CookiesMiddleware',
 'scrapy_splash.SplashCookiesMiddleware',
 'scrapy_splash.SplashMiddleware',
 'scrapy.downloadermiddlewares.httpproxy.HttpProxyMiddleware',
 'scrapy.downloadermiddlewares.httpcompression.HttpCompressionMiddleware',
 'scrapy.downloadermiddlewares.stats.DownloaderStats']
2017-11-16 18:51:59 [scrapy.middleware] INFO: Enabled spider middlewares:
['scrapy.spidermiddlewares.httperror.HttpErrorMiddleware',
 'scrapy.spidermiddlewares.offsite.OffsiteMiddleware',
 'scrapy.spidermiddlewares.referer.RefererMiddleware',
 'scrapy.spidermiddlewares.urllength.UrlLengthMiddleware',
 'scrapy.spidermiddlewares.depth.DepthMiddleware']
2017-11-16 18:51:59 [scrapy.middleware] INFO: Enabled item pipelines:
['crawl.pipelines.database.DatabasePipeline']
2017-11-16 18:51:59 [scrapy.core.engine] INFO: Spider opened
2017-11-16 18:51:59 [scrapy.extensions.logstats] INFO: Crawled 0 pages (at 0 pages/min), scraped 0 items (at 0 items/min)
2017-11-16 18:51:59 [crawl.middlewares.middlewares] INFO: [Crawl url] https://tj.lianjia.com/ershoufang/101102282048.html, 
	Current UserAgent: Mozilla/5.0 (Windows NT 5.1) AppleWebKit/536.3 (KHTML, like Gecko) Chrome/19.0.1063.0 Safari/536.3
2017-11-16 18:52:01 [py.warnings] WARNING: e:\tool\python\lib\site-packages\pymysql\cursors.py:166: Warning: (1265, u"Data truncated for column 'layout_datas' at row 37")
  result = self._query(query)

2017-11-16 18:52:01 [py.warnings] WARNING: e:\tool\python\lib\site-packages\pymysql\cursors.py:166: Warning: (1265, u"Data truncated for column 'property_term' at row 37")
  result = self._query(query)

2017-11-16 18:52:01 [crawl.middlewares.middlewares] INFO: [Crawl url] https://tj.lianjia.com/ershoufang/101101906837.html, 
	Current UserAgent: Mozilla/5.0 (X11; Linux x86_64) AppleWebKit/535.24 (KHTML, like Gecko) Chrome/19.0.1055.1 Safari/535.24
2017-11-16 18:52:02 [py.warnings] WARNING: e:\tool\python\lib\site-packages\pymysql\cursors.py:166: Warning: (1265, u"Data truncated for column 'layout_datas' at row 41")
  result = self._query(query)

2017-11-16 18:52:02 [py.warnings] WARNING: e:\tool\python\lib\site-packages\pymysql\cursors.py:166: Warning: (1265, u"Data truncated for column 'property_term' at row 41")
  result = self._query(query)

2017-11-16 18:52:02 [crawl.middlewares.middlewares] INFO: [Crawl url] https://tj.lianjia.com/ershoufang/101102161785.html, 
	Current UserAgent: Mozilla/5.0 (Linux; U; Android 2.2.1; en-ca; LG-P505R Build/FRG83) AppleWebKit/533.1 (KHTML, like Gecko) Version/4.0 Mobile Safari/533.1
2017-11-16 18:52:02 [crawl.middlewares.middlewares] INFO: [Crawl url] https://m.lianjia.com/tj/ershoufang/101102161785.html, 
	Current UserAgent: Mozilla/5.0 (X11; Linux x86_64) AppleWebKit/535.24 (KHTML, like Gecko) Chrome/19.0.1055.1 Safari/535.24
2017-11-16 18:52:04 [crawl.middlewares.middlewares] INFO: [Crawl url] https://tj.lianjia.com/ershoufang/101102193087.html, 
	Current UserAgent: Mozilla/5.0 (Macintosh; Intel Mac OS X 10_8_0) AppleWebKit/536.3 (KHTML, like Gecko) Chrome/19.0.1063.0 Safari/536.3
2017-11-16 18:52:05 [py.warnings] WARNING: e:\tool\python\lib\site-packages\pymysql\cursors.py:166: Warning: (1265, u"Data truncated for column 'layout_datas' at row 108")
  result = self._query(query)

2017-11-16 18:52:05 [py.warnings] WARNING: e:\tool\python\lib\site-packages\pymysql\cursors.py:166: Warning: (1265, u"Data truncated for column 'property_term' at row 108")
  result = self._query(query)

2017-11-16 18:52:05 [crawl.middlewares.middlewares] INFO: [Crawl url] https://tj.lianjia.com/ershoufang/101102183852.html, 
	Current UserAgent: Mozilla/5.0 (Windows NT 6.2) AppleWebKit/536.3 (KHTML, like Gecko) Chrome/19.0.1061.0 Safari/536.3
2017-11-16 18:52:06 [py.warnings] WARNING: e:\tool\python\lib\site-packages\pymysql\cursors.py:166: Warning: (1265, u"Data truncated for column 'layout_datas' at row 70")
  result = self._query(query)

2017-11-16 18:52:06 [py.warnings] WARNING: e:\tool\python\lib\site-packages\pymysql\cursors.py:166: Warning: (1265, u"Data truncated for column 'property_term' at row 70")
  result = self._query(query)

2017-11-16 18:52:06 [crawl.middlewares.middlewares] INFO: [Crawl url] https://tj.lianjia.com/ershoufang/101102197367.html, 
	Current UserAgent: Mozilla/5.0 (Windows NT 6.2) AppleWebKit/536.3 (KHTML, like Gecko) Chrome/19.0.1061.1 Safari/536.3
2017-11-16 18:52:07 [py.warnings] WARNING: e:\tool\python\lib\site-packages\pymysql\cursors.py:166: Warning: (1265, u"Data truncated for column 'layout_datas' at row 84")
  result = self._query(query)

2017-11-16 18:52:07 [py.warnings] WARNING: e:\tool\python\lib\site-packages\pymysql\cursors.py:166: Warning: (1265, u"Data truncated for column 'property_term' at row 84")
  result = self._query(query)

2017-11-16 18:52:07 [crawl.middlewares.middlewares] INFO: [Crawl url] https://tj.lianjia.com/ershoufang/101102305341.html, 
	Current UserAgent: Mozilla/5.0 (Windows NT 5.1) AppleWebKit/536.3 (KHTML, like Gecko) Chrome/19.0.1063.0 Safari/536.3
2017-11-16 18:52:08 [py.warnings] WARNING: e:\tool\python\lib\site-packages\pymysql\cursors.py:166: Warning: (1265, u"Data truncated for column 'property_term' at row 80")
  result = self._query(query)

2017-11-16 18:52:08 [crawl.middlewares.middlewares] INFO: [Crawl url] https://tj.lianjia.com/ershoufang/101102211738.html, 
	Current UserAgent: Mozilla/5.0 (Windows NT 6.1) AppleWebKit/537.36 (KHTML, like Gecko) Chrome/41.0.2228.0 Safari/537.36
2017-11-16 18:52:09 [py.warnings] WARNING: e:\tool\python\lib\site-packages\pymysql\cursors.py:166: Warning: (1265, u"Data truncated for column 'layout_datas' at row 40")
  result = self._query(query)

2017-11-16 18:52:09 [py.warnings] WARNING: e:\tool\python\lib\site-packages\pymysql\cursors.py:166: Warning: (1265, u"Data truncated for column 'images' at row 40")
  result = self._query(query)

2017-11-16 18:52:09 [py.warnings] WARNING: e:\tool\python\lib\site-packages\pymysql\cursors.py:166: Warning: (1265, u"Data truncated for column 'property_term' at row 40")
  result = self._query(query)

2017-11-16 18:52:09 [crawl.middlewares.middlewares] INFO: [Crawl url] https://tj.lianjia.com/ershoufang/101102006435.html, 
	Current UserAgent: Mozilla/5.0 (Macintosh; Intel Mac OS X 10_8_0) AppleWebKit/536.3 (KHTML, like Gecko) Chrome/19.0.1063.0 Safari/536.3
2017-11-16 18:52:10 [py.warnings] WARNING: e:\tool\python\lib\site-packages\pymysql\cursors.py:166: Warning: (1265, u"Data truncated for column 'layout_datas' at row 66")
  result = self._query(query)

2017-11-16 18:52:10 [py.warnings] WARNING: e:\tool\python\lib\site-packages\pymysql\cursors.py:166: Warning: (1265, u"Data truncated for column 'images' at row 66")
  result = self._query(query)

2017-11-16 18:52:10 [py.warnings] WARNING: e:\tool\python\lib\site-packages\pymysql\cursors.py:166: Warning: (1265, u"Data truncated for column 'property_term' at row 66")
  result = self._query(query)

2017-11-16 18:52:10 [crawl.middlewares.middlewares] INFO: [Crawl url] https://tj.lianjia.com/ershoufang/101102262073.html, 
	Current UserAgent: Mozilla/5.0 (Windows NT 6.1; WOW64) AppleWebKit/536.3 (KHTML, like Gecko) Chrome/19.0.1062.0 Safari/536.3
2017-11-16 18:52:11 [py.warnings] WARNING: e:\tool\python\lib\site-packages\pymysql\cursors.py:166: Warning: (1265, u"Data truncated for column 'layout_datas' at row 79")
  result = self._query(query)

2017-11-16 18:52:11 [py.warnings] WARNING: e:\tool\python\lib\site-packages\pymysql\cursors.py:166: Warning: (1265, u"Data truncated for column 'property_term' at row 79")
  result = self._query(query)

2017-11-16 18:52:11 [crawl.middlewares.middlewares] INFO: [Crawl url] https://tj.lianjia.com/ershoufang/101102237676.html, 
	Current UserAgent: Mozilla/5.0 (Macintosh; Intel Mac OS X 10_8_0) AppleWebKit/536.3 (KHTML, like Gecko) Chrome/19.0.1063.0 Safari/536.3
2017-11-16 18:52:12 [py.warnings] WARNING: e:\tool\python\lib\site-packages\pymysql\cursors.py:166: Warning: (1265, u"Data truncated for column 'layout_datas' at row 77")
  result = self._query(query)

2017-11-16 18:52:12 [py.warnings] WARNING: e:\tool\python\lib\site-packages\pymysql\cursors.py:166: Warning: (1265, u"Data truncated for column 'property_term' at row 77")
  result = self._query(query)

2017-11-16 18:52:12 [crawl.middlewares.middlewares] INFO: [Crawl url] https://tj.lianjia.com/ershoufang/101101493102.html, 
	Current UserAgent: Mozilla/5.0 (Windows NT 6.2) AppleWebKit/536.3 (KHTML, like Gecko) Chrome/19.0.1061.1 Safari/536.3
2017-11-16 18:52:13 [py.warnings] WARNING: e:\tool\python\lib\site-packages\pymysql\cursors.py:166: Warning: (1265, u"Data truncated for column 'layout_datas' at row 59")
  result = self._query(query)

2017-11-16 18:52:13 [py.warnings] WARNING: e:\tool\python\lib\site-packages\pymysql\cursors.py:166: Warning: (1265, u"Data truncated for column 'property_term' at row 59")
  result = self._query(query)

2017-11-16 18:52:13 [crawl.middlewares.middlewares] INFO: [Crawl url] https://tj.lianjia.com/ershoufang/101102297205.html, 
	Current UserAgent: Mozilla/5.0 (Windows NT 6.1; WOW64) AppleWebKit/536.3 (KHTML, like Gecko) Chrome/19.0.1063.0 Safari/536.3
2017-11-16 18:52:14 [py.warnings] WARNING: e:\tool\python\lib\site-packages\pymysql\cursors.py:166: Warning: (1265, u"Data truncated for column 'layout_datas' at row 10")
  result = self._query(query)

2017-11-16 18:52:14 [py.warnings] WARNING: e:\tool\python\lib\site-packages\pymysql\cursors.py:166: Warning: (1265, u"Data truncated for column 'property_term' at row 10")
  result = self._query(query)

2017-11-16 18:52:14 [crawl.middlewares.middlewares] INFO: [Crawl url] https://tj.lianjia.com/ershoufang/101102010547.html, 
	Current UserAgent: Mozilla/5.0 (Windows NT 6.1) AppleWebKit/536.3 (KHTML, like Gecko) Chrome/19.0.1061.1 Safari/536.3
2017-11-16 18:52:15 [py.warnings] WARNING: e:\tool\python\lib\site-packages\pymysql\cursors.py:166: Warning: (1265, u"Data truncated for column 'layout_datas' at row 33")
  result = self._query(query)

2017-11-16 18:52:15 [py.warnings] WARNING: e:\tool\python\lib\site-packages\pymysql\cursors.py:166: Warning: (1265, u"Data truncated for column 'property_term' at row 33")
  result = self._query(query)

2017-11-16 18:52:15 [crawl.middlewares.middlewares] INFO: [Crawl url] https://tj.lianjia.com/ershoufang/101102305071.html, 
	Current UserAgent: Mozilla/5.0 (X11; CrOS i686 2268.111.0) AppleWebKit/536.11 (KHTML, like Gecko) Chrome/20.0.1132.57 Safari/536.11
2017-11-16 18:52:16 [py.warnings] WARNING: e:\tool\python\lib\site-packages\pymysql\cursors.py:166: Warning: (1265, u"Data truncated for column 'layout_datas' at row 11")
  result = self._query(query)

2017-11-16 18:52:16 [py.warnings] WARNING: e:\tool\python\lib\site-packages\pymysql\cursors.py:166: Warning: (1265, u"Data truncated for column 'property_term' at row 11")
  result = self._query(query)

2017-11-16 18:52:16 [crawl.middlewares.middlewares] INFO: [Crawl url] https://tj.lianjia.com/ershoufang/101101275456.html, 
	Current UserAgent: Mozilla/5.0 (X11; CrOS i686 2268.111.0) AppleWebKit/536.11 (KHTML, like Gecko) Chrome/20.0.1132.57 Safari/536.11
2017-11-16 18:52:17 [py.warnings] WARNING: e:\tool\python\lib\site-packages\pymysql\cursors.py:166: Warning: (1265, u"Data truncated for column 'layout_datas' at row 101")
  result = self._query(query)

2017-11-16 18:52:17 [py.warnings] WARNING: e:\tool\python\lib\site-packages\pymysql\cursors.py:166: Warning: (1265, u"Data truncated for column 'property_term' at row 101")
  result = self._query(query)

2017-11-16 18:52:17 [crawl.middlewares.middlewares] INFO: [Crawl url] https://tj.lianjia.com/ershoufang/101102205488.html, 
	Current UserAgent: Mozilla/5.0 (Windows NT 6.2) AppleWebKit/536.6 (KHTML, like Gecko) Chrome/20.0.1090.0 Safari/536.6
2017-11-16 18:52:18 [py.warnings] WARNING: e:\tool\python\lib\site-packages\pymysql\cursors.py:166: Warning: (1265, u"Data truncated for column 'layout_datas' at row 72")
  result = self._query(query)

2017-11-16 18:52:18 [py.warnings] WARNING: e:\tool\python\lib\site-packages\pymysql\cursors.py:166: Warning: (1265, u"Data truncated for column 'property_term' at row 72")
  result = self._query(query)

2017-11-16 18:52:18 [crawl.middlewares.middlewares] INFO: [Crawl url] https://tj.lianjia.com/ershoufang/101101386491.html, 
	Current UserAgent: Mozilla/5.0 (Windows NT 6.2) AppleWebKit/536.3 (KHTML, like Gecko) Chrome/19.0.1061.1 Safari/536.3
2017-11-16 18:52:18 [py.warnings] WARNING: e:\tool\python\lib\site-packages\pymysql\cursors.py:166: Warning: (1265, u"Data truncated for column 'layout_datas' at row 2")
  result = self._query(query)

2017-11-16 18:52:18 [py.warnings] WARNING: e:\tool\python\lib\site-packages\pymysql\cursors.py:166: Warning: (1265, u"Data truncated for column 'property_term' at row 2")
  result = self._query(query)

2017-11-16 18:52:19 [crawl.middlewares.middlewares] INFO: [Crawl url] https://tj.lianjia.com/ershoufang/101102101933.html, 
	Current UserAgent: Mozilla/5.0 (Windows NT 6.2) AppleWebKit/536.3 (KHTML, like Gecko) Chrome/19.0.1062.0 Safari/536.3
2017-11-16 18:52:19 [py.warnings] WARNING: e:\tool\python\lib\site-packages\pymysql\cursors.py:166: Warning: (1265, u"Data truncated for column 'layout_datas' at row 96")
  result = self._query(query)

2017-11-16 18:52:19 [py.warnings] WARNING: e:\tool\python\lib\site-packages\pymysql\cursors.py:166: Warning: (1265, u"Data truncated for column 'property_term' at row 96")
  result = self._query(query)

2017-11-16 18:52:19 [crawl.middlewares.middlewares] INFO: [Crawl url] https://tj.lianjia.com/ershoufang/101102241532.html, 
	Current UserAgent: Mozilla/5.0 (Windows NT 6.2) AppleWebKit/536.3 (KHTML, like Gecko) Chrome/19.0.1061.0 Safari/536.3
2017-11-16 18:52:20 [py.warnings] WARNING: e:\tool\python\lib\site-packages\pymysql\cursors.py:166: Warning: (1265, u"Data truncated for column 'layout_datas' at row 94")
  result = self._query(query)

2017-11-16 18:52:20 [py.warnings] WARNING: e:\tool\python\lib\site-packages\pymysql\cursors.py:166: Warning: (1265, u"Data truncated for column 'property_term' at row 94")
  result = self._query(query)

2017-11-16 18:52:20 [crawl.middlewares.middlewares] INFO: [Crawl url] https://tj.lianjia.com/ershoufang/101100989275.html, 
	Current UserAgent: Mozilla/5.0 (Windows NT 5.1) AppleWebKit/536.3 (KHTML, like Gecko) Chrome/19.0.1063.0 Safari/536.3
2017-11-16 18:52:21 [py.warnings] WARNING: e:\tool\python\lib\site-packages\pymysql\cursors.py:166: Warning: (1265, u"Data truncated for column 'layout_datas' at row 23")
  result = self._query(query)

2017-11-16 18:52:21 [py.warnings] WARNING: e:\tool\python\lib\site-packages\pymysql\cursors.py:166: Warning: (1265, u"Data truncated for column 'property_term' at row 23")
  result = self._query(query)

2017-11-16 18:52:21 [crawl.middlewares.middlewares] INFO: [Crawl url] https://tj.lianjia.com/ershoufang/101100804887.html, 
	Current UserAgent: Mozilla/5.0 (Windows NT 6.2) AppleWebKit/536.6 (KHTML, like Gecko) Chrome/20.0.1090.0 Safari/536.6
2017-11-16 18:52:22 [py.warnings] WARNING: e:\tool\python\lib\site-packages\pymysql\cursors.py:166: Warning: (1265, u"Data truncated for column 'layout_datas' at row 91")
  result = self._query(query)

2017-11-16 18:52:22 [py.warnings] WARNING: e:\tool\python\lib\site-packages\pymysql\cursors.py:166: Warning: (1265, u"Data truncated for column 'property_term' at row 91")
  result = self._query(query)

2017-11-16 18:52:22 [crawl.middlewares.middlewares] INFO: [Crawl url] https://tj.lianjia.com/ershoufang/101101291095.html, 
	Current UserAgent: Mozilla/5.0 (Macintosh; Intel Mac OS X 10_8_0) AppleWebKit/536.3 (KHTML, like Gecko) Chrome/19.0.1063.0 Safari/536.3
2017-11-16 18:52:23 [py.warnings] WARNING: e:\tool\python\lib\site-packages\pymysql\cursors.py:166: Warning: (1265, u"Data truncated for column 'layout_datas' at row 60")
  result = self._query(query)

2017-11-16 18:52:23 [py.warnings] WARNING: e:\tool\python\lib\site-packages\pymysql\cursors.py:166: Warning: (1265, u"Data truncated for column 'property_term' at row 60")
  result = self._query(query)

2017-11-16 18:52:23 [crawl.middlewares.middlewares] INFO: [Crawl url] https://tj.lianjia.com/ershoufang/101101700223.html, 
	Current UserAgent: Mozilla/5.0 (Windows NT 6.2) AppleWebKit/536.3 (KHTML, like Gecko) Chrome/19.0.1061.0 Safari/536.3
2017-11-16 18:52:24 [py.warnings] WARNING: e:\tool\python\lib\site-packages\pymysql\cursors.py:166: Warning: (1265, u"Data truncated for column 'layout_datas' at row 18")
  result = self._query(query)

2017-11-16 18:52:24 [py.warnings] WARNING: e:\tool\python\lib\site-packages\pymysql\cursors.py:166: Warning: (1265, u"Data truncated for column 'property_term' at row 18")
  result = self._query(query)

2017-11-16 18:52:24 [crawl.middlewares.middlewares] INFO: [Crawl url] https://tj.lianjia.com/ershoufang/101102292964.html, 
	Current UserAgent: Mozilla/5.0 (Windows NT 6.2) AppleWebKit/536.3 (KHTML, like Gecko) Chrome/19.0.1061.1 Safari/536.3
2017-11-16 18:52:25 [py.warnings] WARNING: e:\tool\python\lib\site-packages\pymysql\cursors.py:166: Warning: (1265, u"Data truncated for column 'layout_datas' at row 9")
  result = self._query(query)

2017-11-16 18:52:25 [py.warnings] WARNING: e:\tool\python\lib\site-packages\pymysql\cursors.py:166: Warning: (1265, u"Data truncated for column 'property_term' at row 9")
  result = self._query(query)

2017-11-16 18:52:25 [crawl.middlewares.middlewares] INFO: [Crawl url] https://tj.lianjia.com/ershoufang/101101294748.html, 
	Current UserAgent: Mozilla/5.0 (X11; CrOS i686 2268.111.0) AppleWebKit/536.11 (KHTML, like Gecko) Chrome/20.0.1132.57 Safari/536.11
2017-11-16 18:52:26 [py.warnings] WARNING: e:\tool\python\lib\site-packages\pymysql\cursors.py:166: Warning: (1265, u"Data truncated for column 'layout_datas' at row 44")
  result = self._query(query)

2017-11-16 18:52:26 [py.warnings] WARNING: e:\tool\python\lib\site-packages\pymysql\cursors.py:166: Warning: (1265, u"Data truncated for column 'property_term' at row 44")
  result = self._query(query)

2017-11-16 18:52:26 [crawl.middlewares.middlewares] INFO: [Crawl url] https://tj.lianjia.com/ershoufang/101101666937.html, 
	Current UserAgent: Mozilla/5.0 (Windows NT 6.1; WOW64) AppleWebKit/537.1 (KHTML, like Gecko) Chrome/22.0.1207.1 Safari/537.1
2017-11-16 18:52:27 [py.warnings] WARNING: e:\tool\python\lib\site-packages\pymysql\cursors.py:166: Warning: (1265, u"Data truncated for column 'layout_datas' at row 58")
  result = self._query(query)

2017-11-16 18:52:27 [py.warnings] WARNING: e:\tool\python\lib\site-packages\pymysql\cursors.py:166: Warning: (1265, u"Data truncated for column 'property_term' at row 58")
  result = self._query(query)

2017-11-16 18:52:27 [crawl.middlewares.middlewares] INFO: [Crawl url] https://tj.lianjia.com/ershoufang/101102287087.html, 
	Current UserAgent: Mozilla/5.0 (Linux; U; Android 2.2.1; en-ca; LG-P505R Build/FRG83) AppleWebKit/533.1 (KHTML, like Gecko) Version/4.0 Mobile Safari/533.1
2017-11-16 18:52:27 [crawl.middlewares.middlewares] INFO: [Crawl url] https://m.lianjia.com/tj/ershoufang/101102287087.html, 
	Current UserAgent: Mozilla/5.0 (Windows NT 6.2; WOW64) AppleWebKit/535.24 (KHTML, like Gecko) Chrome/19.0.1055.1 Safari/535.24
2017-11-16 18:52:29 [crawl.middlewares.middlewares] INFO: [Crawl url] https://tj.lianjia.com/ershoufang/101102154035.html, 
	Current UserAgent: Mozilla/5.0 (Windows NT 6.1; WOW64) AppleWebKit/536.6 (KHTML, like Gecko) Chrome/20.0.1092.0 Safari/536.6
2017-11-16 18:52:29 [py.warnings] WARNING: e:\tool\python\lib\site-packages\pymysql\cursors.py:166: Warning: (1265, u"Data truncated for column 'layout_datas' at row 6")
  result = self._query(query)

2017-11-16 18:52:29 [py.warnings] WARNING: e:\tool\python\lib\site-packages\pymysql\cursors.py:166: Warning: (1265, u"Data truncated for column 'property_term' at row 6")
  result = self._query(query)

2017-11-16 18:52:29 [crawl.middlewares.middlewares] INFO: [Crawl url] https://tj.lianjia.com/ershoufang/101102110875.html, 
	Current UserAgent: Mozilla/5.0 (Linux; U; Android 2.2.1; en-ca; LG-P505R Build/FRG83) AppleWebKit/533.1 (KHTML, like Gecko) Version/4.0 Mobile Safari/533.1
2017-11-16 18:52:30 [crawl.middlewares.middlewares] INFO: [Crawl url] https://m.lianjia.com/tj/ershoufang/101102110875.html, 
	Current UserAgent: Mozilla/5.0 (Windows NT 6.0) AppleWebKit/536.5 (KHTML, like Gecko) Chrome/19.0.1084.36 Safari/536.5
2017-11-16 18:52:32 [crawl.middlewares.middlewares] INFO: [Crawl url] https://tj.lianjia.com/ershoufang/101101959222.html, 
	Current UserAgent: Mozilla/5.0 (Windows NT 6.2; WOW64) AppleWebKit/537.1 (KHTML, like Gecko) Chrome/19.77.34.5 Safari/537.1
2017-11-16 18:52:33 [py.warnings] WARNING: e:\tool\python\lib\site-packages\pymysql\cursors.py:166: Warning: (1265, u"Data truncated for column 'layout_datas' at row 63")
  result = self._query(query)

2017-11-16 18:52:33 [py.warnings] WARNING: e:\tool\python\lib\site-packages\pymysql\cursors.py:166: Warning: (1265, u"Data truncated for column 'property_term' at row 63")
  result = self._query(query)

2017-11-16 18:52:33 [crawl.middlewares.middlewares] INFO: [Crawl url] https://tj.lianjia.com/ershoufang/101102293339.html, 
	Current UserAgent: Mozilla/5.0 (Windows NT 6.1) AppleWebKit/537.36 (KHTML, like Gecko) Chrome/41.0.2228.0 Safari/537.36
2017-11-16 18:52:34 [py.warnings] WARNING: e:\tool\python\lib\site-packages\pymysql\cursors.py:166: Warning: (1265, u"Data truncated for column 'layout_datas' at row 71")
  result = self._query(query)

2017-11-16 18:52:34 [py.warnings] WARNING: e:\tool\python\lib\site-packages\pymysql\cursors.py:166: Warning: (1265, u"Data truncated for column 'property_term' at row 71")
  result = self._query(query)

2017-11-16 18:52:34 [crawl.middlewares.middlewares] INFO: [Crawl url] https://tj.lianjia.com/ershoufang/101102252823.html, 
	Current UserAgent: Mozilla/5.0 (X11; Linux x86_64) AppleWebKit/535.24 (KHTML, like Gecko) Chrome/19.0.1055.1 Safari/535.24
2017-11-16 18:52:35 [py.warnings] WARNING: e:\tool\python\lib\site-packages\pymysql\cursors.py:166: Warning: (1265, u"Data truncated for column 'layout_datas' at row 57")
  result = self._query(query)

2017-11-16 18:52:35 [py.warnings] WARNING: e:\tool\python\lib\site-packages\pymysql\cursors.py:166: Warning: (1265, u"Data truncated for column 'property_term' at row 57")
  result = self._query(query)

2017-11-16 18:52:35 [crawl.middlewares.middlewares] INFO: [Crawl url] https://tj.lianjia.com/ershoufang/101101328508.html, 
	Current UserAgent: Mozilla/5.0 (Windows NT 6.1; WOW64) AppleWebKit/537.36 (KHTML, like Gecko) Chrome/56.0.2924.87 Safari/537.36
2017-11-16 18:52:36 [py.warnings] WARNING: e:\tool\python\lib\site-packages\pymysql\cursors.py:166: Warning: (1265, u"Data truncated for column 'layout_datas' at row 75")
  result = self._query(query)

2017-11-16 18:52:36 [py.warnings] WARNING: e:\tool\python\lib\site-packages\pymysql\cursors.py:166: Warning: (1265, u"Data truncated for column 'property_term' at row 75")
  result = self._query(query)

2017-11-16 18:52:36 [crawl.middlewares.middlewares] INFO: [Crawl url] https://tj.lianjia.com/ershoufang/101102231040.html, 
	Current UserAgent: Mozilla/5.0 (Windows NT 6.1; WOW64) AppleWebKit/536.3 (KHTML, like Gecko) Chrome/19.0.1061.1 Safari/536.3
2017-11-16 18:52:37 [py.warnings] WARNING: e:\tool\python\lib\site-packages\pymysql\cursors.py:166: Warning: (1265, u"Data truncated for column 'layout_datas' at row 54")
  result = self._query(query)

2017-11-16 18:52:37 [py.warnings] WARNING: e:\tool\python\lib\site-packages\pymysql\cursors.py:166: Warning: (1265, u"Data truncated for column 'property_term' at row 54")
  result = self._query(query)

2017-11-16 18:52:37 [crawl.middlewares.middlewares] INFO: [Crawl url] https://tj.lianjia.com/ershoufang/101102092223.html, 
	Current UserAgent: Mozilla/5.0 (Windows NT 6.0) AppleWebKit/536.5 (KHTML, like Gecko) Chrome/19.0.1084.36 Safari/536.5
2017-11-16 18:52:38 [py.warnings] WARNING: e:\tool\python\lib\site-packages\pymysql\cursors.py:166: Warning: (1265, u"Data truncated for column 'property_term' at row 100")
  result = self._query(query)

2017-11-16 18:52:38 [crawl.middlewares.middlewares] INFO: [Crawl url] https://tj.lianjia.com/ershoufang/101100986353.html, 
	Current UserAgent: Mozilla/5.0 (Windows NT 6.2; WOW64) AppleWebKit/535.24 (KHTML, like Gecko) Chrome/19.0.1055.1 Safari/535.24
2017-11-16 18:52:39 [py.warnings] WARNING: e:\tool\python\lib\site-packages\pymysql\cursors.py:166: Warning: (1265, u"Data truncated for column 'layout_datas' at row 21")
  result = self._query(query)

2017-11-16 18:52:39 [py.warnings] WARNING: e:\tool\python\lib\site-packages\pymysql\cursors.py:166: Warning: (1265, u"Data truncated for column 'property_term' at row 21")
  result = self._query(query)

2017-11-16 18:52:39 [crawl.middlewares.middlewares] INFO: [Crawl url] https://tj.lianjia.com/ershoufang/101101612630.html, 
	Current UserAgent: Mozilla/5.0 (Windows NT 5.1) AppleWebKit/536.3 (KHTML, like Gecko) Chrome/19.0.1063.0 Safari/536.3
2017-11-16 18:52:40 [py.warnings] WARNING: e:\tool\python\lib\site-packages\pymysql\cursors.py:166: Warning: (1265, u"Data truncated for column 'layout_datas' at row 110")
  result = self._query(query)

2017-11-16 18:52:40 [py.warnings] WARNING: e:\tool\python\lib\site-packages\pymysql\cursors.py:166: Warning: (1265, u"Data truncated for column 'images' at row 110")
  result = self._query(query)

2017-11-16 18:52:40 [py.warnings] WARNING: e:\tool\python\lib\site-packages\pymysql\cursors.py:166: Warning: (1265, u"Data truncated for column 'property_term' at row 110")
  result = self._query(query)

2017-11-16 18:52:40 [crawl.middlewares.middlewares] INFO: [Crawl url] https://tj.lianjia.com/ershoufang/101101175928.html, 
	Current UserAgent: Mozilla/5.0 (Macintosh; Intel Mac OS X 10_8_0) AppleWebKit/536.3 (KHTML, like Gecko) Chrome/19.0.1063.0 Safari/536.3
2017-11-16 18:52:41 [py.warnings] WARNING: e:\tool\python\lib\site-packages\pymysql\cursors.py:166: Warning: (1265, u"Data truncated for column 'layout_datas' at row 73")
  result = self._query(query)

2017-11-16 18:52:41 [py.warnings] WARNING: e:\tool\python\lib\site-packages\pymysql\cursors.py:166: Warning: (1265, u"Data truncated for column 'property_term' at row 73")
  result = self._query(query)

2017-11-16 18:52:41 [crawl.middlewares.middlewares] INFO: [Crawl url] https://tj.lianjia.com/ershoufang/101102235134.html, 
	Current UserAgent: Mozilla/5.0 (Windows NT 6.2) AppleWebKit/536.3 (KHTML, like Gecko) Chrome/19.0.1061.1 Safari/536.3
2017-11-16 18:52:42 [py.warnings] WARNING: e:\tool\python\lib\site-packages\pymysql\cursors.py:166: Warning: (1265, u"Data truncated for column 'layout_datas' at row 93")
  result = self._query(query)

2017-11-16 18:52:42 [py.warnings] WARNING: e:\tool\python\lib\site-packages\pymysql\cursors.py:166: Warning: (1265, u"Data truncated for column 'property_term' at row 93")
  result = self._query(query)

2017-11-16 18:52:42 [crawl.middlewares.middlewares] INFO: [Crawl url] https://tj.lianjia.com/ershoufang/101100789210.html, 
	Current UserAgent: Mozilla/5.0 (Windows NT 5.1) AppleWebKit/536.3 (KHTML, like Gecko) Chrome/19.0.1063.0 Safari/536.3
2017-11-16 18:52:43 [py.warnings] WARNING: e:\tool\python\lib\site-packages\pymysql\cursors.py:166: Warning: (1265, u"Data truncated for column 'layout_datas' at row 116")
  result = self._query(query)

2017-11-16 18:52:43 [py.warnings] WARNING: e:\tool\python\lib\site-packages\pymysql\cursors.py:166: Warning: (1265, u"Data truncated for column 'property_term' at row 116")
  result = self._query(query)

2017-11-16 18:52:43 [crawl.middlewares.middlewares] INFO: [Crawl url] https://tj.lianjia.com/ershoufang/101100902993.html, 
	Current UserAgent: Mozilla/5.0 (Windows NT 5.1) AppleWebKit/536.3 (KHTML, like Gecko) Chrome/19.0.1063.0 Safari/536.3
2017-11-16 18:52:44 [py.warnings] WARNING: e:\tool\python\lib\site-packages\pymysql\cursors.py:166: Warning: (1265, u"Data truncated for column 'layout_datas' at row 113")
  result = self._query(query)

2017-11-16 18:52:44 [py.warnings] WARNING: e:\tool\python\lib\site-packages\pymysql\cursors.py:166: Warning: (1265, u"Data truncated for column 'property_term' at row 113")
  result = self._query(query)

2017-11-16 18:52:44 [crawl.middlewares.middlewares] INFO: [Crawl url] https://tj.lianjia.com/ershoufang/101101493981.html, 
	Current UserAgent: Mozilla/5.0 (Windows NT 6.1; WOW64) AppleWebKit/536.6 (KHTML, like Gecko) Chrome/20.0.1092.0 Safari/536.6
2017-11-16 18:52:45 [py.warnings] WARNING: e:\tool\python\lib\site-packages\pymysql\cursors.py:166: Warning: (1265, u"Data truncated for column 'layout_datas' at row 22")
  result = self._query(query)

2017-11-16 18:52:45 [py.warnings] WARNING: e:\tool\python\lib\site-packages\pymysql\cursors.py:166: Warning: (1265, u"Data truncated for column 'property_term' at row 22")
  result = self._query(query)

2017-11-16 18:52:45 [crawl.middlewares.middlewares] INFO: [Crawl url] https://tj.lianjia.com/ershoufang/101100967568.html, 
	Current UserAgent: Mozilla/5.0 (Windows NT 6.2) AppleWebKit/536.6 (KHTML, like Gecko) Chrome/20.0.1090.0 Safari/536.6
2017-11-16 18:52:46 [py.warnings] WARNING: e:\tool\python\lib\site-packages\pymysql\cursors.py:166: Warning: (1265, u"Data truncated for column 'layout_datas' at row 88")
  result = self._query(query)

2017-11-16 18:52:46 [py.warnings] WARNING: e:\tool\python\lib\site-packages\pymysql\cursors.py:166: Warning: (1265, u"Data truncated for column 'property_term' at row 88")
  result = self._query(query)

2017-11-16 18:52:46 [crawl.middlewares.middlewares] INFO: [Crawl url] https://tj.lianjia.com/ershoufang/101101435842.html, 
	Current UserAgent: Mozilla/5.0 (Windows NT 6.2) AppleWebKit/536.3 (KHTML, like Gecko) Chrome/19.0.1061.0 Safari/536.3
2017-11-16 18:52:47 [py.warnings] WARNING: e:\tool\python\lib\site-packages\pymysql\cursors.py:166: Warning: (1265, u"Data truncated for column 'layout_datas' at row 3")
  result = self._query(query)

2017-11-16 18:52:47 [py.warnings] WARNING: e:\tool\python\lib\site-packages\pymysql\cursors.py:166: Warning: (1265, u"Data truncated for column 'property_term' at row 3")
  result = self._query(query)

2017-11-16 18:52:47 [crawl.middlewares.middlewares] INFO: [Crawl url] https://tj.lianjia.com/ershoufang/101102273021.html, 
	Current UserAgent: Mozilla/5.0 (Linux; U; Android 2.2.1; en-ca; LG-P505R Build/FRG83) AppleWebKit/533.1 (KHTML, like Gecko) Version/4.0 Mobile Safari/533.1
2017-11-16 18:52:47 [crawl.middlewares.middlewares] INFO: [Crawl url] https://m.lianjia.com/tj/ershoufang/101102273021.html, 
	Current UserAgent: Mozilla/5.0 (Windows NT 6.1; WOW64) AppleWebKit/536.3 (KHTML, like Gecko) Chrome/19.0.1061.1 Safari/536.3
2017-11-16 18:52:50 [crawl.middlewares.middlewares] INFO: [Crawl url] https://tj.lianjia.com/ershoufang/101102025798.html, 
	Current UserAgent: Mozilla/5.0 (X11; CrOS i686 2268.111.0) AppleWebKit/536.11 (KHTML, like Gecko) Chrome/20.0.1132.57 Safari/536.11
2017-11-16 18:52:50 [py.warnings] WARNING: e:\tool\python\lib\site-packages\pymysql\cursors.py:166: Warning: (1265, u"Data truncated for column 'layout_datas' at row 31")
  result = self._query(query)

2017-11-16 18:52:50 [py.warnings] WARNING: e:\tool\python\lib\site-packages\pymysql\cursors.py:166: Warning: (1265, u"Data truncated for column 'property_term' at row 31")
  result = self._query(query)

2017-11-16 18:52:51 [crawl.middlewares.middlewares] INFO: [Crawl url] https://tj.lianjia.com/ershoufang/101102163834.html, 
	Current UserAgent: Mozilla/5.0 (Windows NT 6.2; WOW64) AppleWebKit/535.24 (KHTML, like Gecko) Chrome/19.0.1055.1 Safari/535.24
2017-11-16 18:52:52 [py.warnings] WARNING: e:\tool\python\lib\site-packages\pymysql\cursors.py:166: Warning: (1265, u"Data truncated for column 'layout_datas' at row 83")
  result = self._query(query)

2017-11-16 18:52:52 [py.warnings] WARNING: e:\tool\python\lib\site-packages\pymysql\cursors.py:166: Warning: (1265, u"Data truncated for column 'property_term' at row 83")
  result = self._query(query)

2017-11-16 18:52:52 [crawl.middlewares.middlewares] INFO: [Crawl url] https://tj.lianjia.com/ershoufang/101102054365.html, 
	Current UserAgent: Mozilla/5.0 (Linux; U; Android 4.0.3; ko-kr; LG-L160L Build/IML74K) AppleWebkit/534.30 (KHTML, like Gecko) Version/4.0 Mobile Safari/534.30
2017-11-16 18:52:52 [crawl.middlewares.middlewares] INFO: [Crawl url] https://m.lianjia.com/tj/ershoufang/101102054365.html, 
	Current UserAgent: Mozilla/5.0 (X11; Linux x86_64) AppleWebKit/536.5 (KHTML, like Gecko) Chrome/19.0.1084.9 Safari/536.5
2017-11-16 18:52:54 [crawl.middlewares.middlewares] INFO: [Crawl url] https://tj.lianjia.com/ershoufang/101102017723.html, 
	Current UserAgent: Mozilla/5.0 (Windows NT 6.2) AppleWebKit/536.6 (KHTML, like Gecko) Chrome/20.0.1090.0 Safari/536.6
2017-11-16 18:52:55 [py.warnings] WARNING: e:\tool\python\lib\site-packages\pymysql\cursors.py:166: Warning: (1265, u"Data truncated for column 'layout_datas' at row 50")
  result = self._query(query)

2017-11-16 18:52:55 [py.warnings] WARNING: e:\tool\python\lib\site-packages\pymysql\cursors.py:166: Warning: (1265, u"Data truncated for column 'property_term' at row 50")
  result = self._query(query)

2017-11-16 18:52:55 [crawl.middlewares.middlewares] INFO: [Crawl url] https://tj.lianjia.com/ershoufang/101102227762.html, 
	Current UserAgent: Mozilla/5.0 (Windows NT 6.2) AppleWebKit/536.3 (KHTML, like Gecko) Chrome/19.0.1061.1 Safari/536.3
2017-11-16 18:52:56 [py.warnings] WARNING: e:\tool\python\lib\site-packages\pymysql\cursors.py:166: Warning: (1265, u"Data truncated for column 'layout_datas' at row 56")
  result = self._query(query)

2017-11-16 18:52:56 [py.warnings] WARNING: e:\tool\python\lib\site-packages\pymysql\cursors.py:166: Warning: (1265, u"Data truncated for column 'property_term' at row 56")
  result = self._query(query)

2017-11-16 18:52:56 [crawl.middlewares.middlewares] INFO: [Crawl url] https://tj.lianjia.com/ershoufang/101102157605.html, 
	Current UserAgent: Mozilla/5.0 (Windows NT 6.2) AppleWebKit/536.6 (KHTML, like Gecko) Chrome/20.0.1090.0 Safari/536.6
2017-11-16 18:52:57 [py.warnings] WARNING: e:\tool\python\lib\site-packages\pymysql\cursors.py:166: Warning: (1265, u"Data truncated for column 'layout_datas' at row 82")
  result = self._query(query)

2017-11-16 18:52:57 [py.warnings] WARNING: e:\tool\python\lib\site-packages\pymysql\cursors.py:166: Warning: (1265, u"Data truncated for column 'property_term' at row 82")
  result = self._query(query)

2017-11-16 18:52:57 [crawl.middlewares.middlewares] INFO: [Crawl url] https://tj.lianjia.com/ershoufang/101102248474.html, 
	Current UserAgent: Mozilla/5.0 (X11; Linux x86_64) AppleWebKit/535.24 (KHTML, like Gecko) Chrome/19.0.1055.1 Safari/535.24
2017-11-16 18:52:58 [py.warnings] WARNING: e:\tool\python\lib\site-packages\pymysql\cursors.py:166: Warning: (1265, u"Data truncated for column 'layout_datas' at row 55")
  result = self._query(query)

2017-11-16 18:52:58 [py.warnings] WARNING: e:\tool\python\lib\site-packages\pymysql\cursors.py:166: Warning: (1265, u"Data truncated for column 'property_term' at row 55")
  result = self._query(query)

2017-11-16 18:52:58 [crawl.middlewares.middlewares] INFO: [Crawl url] https://tj.lianjia.com/ershoufang/101102297847.html, 
	Current UserAgent: Mozilla/5.0 (Windows NT 6.1) AppleWebKit/537.36 (KHTML, like Gecko) Chrome/41.0.2228.0 Safari/537.36
2017-11-16 18:52:59 [py.warnings] WARNING: e:\tool\python\lib\site-packages\pymysql\cursors.py:166: Warning: (1265, u"Data truncated for column 'layout_datas' at row 30")
  result = self._query(query)

2017-11-16 18:52:59 [py.warnings] WARNING: e:\tool\python\lib\site-packages\pymysql\cursors.py:166: Warning: (1265, u"Data truncated for column 'property_term' at row 30")
  result = self._query(query)

2017-11-16 18:52:59 [crawl.middlewares.middlewares] INFO: [Crawl url] https://tj.lianjia.com/ershoufang/101102218950.html, 
	Current UserAgent: Mozilla/5.0 (X11; CrOS i686 2268.111.0) AppleWebKit/536.11 (KHTML, like Gecko) Chrome/20.0.1132.57 Safari/536.11
2017-11-16 18:52:59 [scrapy.extensions.logstats] INFO: Crawled 54 pages (at 54 pages/min), scraped 54 items (at 54 items/min)
2017-11-16 18:53:00 [py.warnings] WARNING: e:\tool\python\lib\site-packages\pymysql\cursors.py:166: Warning: (1265, u"Data truncated for column 'layout_datas' at row 97")
  result = self._query(query)

2017-11-16 18:53:00 [py.warnings] WARNING: e:\tool\python\lib\site-packages\pymysql\cursors.py:166: Warning: (1265, u"Data truncated for column 'property_term' at row 97")
  result = self._query(query)

2017-11-16 18:53:00 [crawl.middlewares.middlewares] INFO: [Crawl url] https://tj.lianjia.com/ershoufang/101100847702.html, 
	Current UserAgent: Mozilla/5.0 (Windows NT 6.1; WOW64) AppleWebKit/536.6 (KHTML, like Gecko) Chrome/20.0.1092.0 Safari/536.6
2017-11-16 18:53:01 [py.warnings] WARNING: e:\tool\python\lib\site-packages\pymysql\cursors.py:166: Warning: (1265, u"Data truncated for column 'layout_datas' at row 45")
  result = self._query(query)

2017-11-16 18:53:01 [py.warnings] WARNING: e:\tool\python\lib\site-packages\pymysql\cursors.py:166: Warning: (1265, u"Data truncated for column 'property_term' at row 45")
  result = self._query(query)

2017-11-16 18:53:01 [crawl.middlewares.middlewares] INFO: [Crawl url] https://tj.lianjia.com/ershoufang/101100734593.html, 
	Current UserAgent: Mozilla/5.0 (X11; Linux x86_64) AppleWebKit/536.5 (KHTML, like Gecko) Chrome/19.0.1084.9 Safari/536.5
2017-11-16 18:53:01 [py.warnings] WARNING: e:\tool\python\lib\site-packages\pymysql\cursors.py:166: Warning: (1265, u"Data truncated for column 'layout_datas' at row 51")
  result = self._query(query)

2017-11-16 18:53:01 [py.warnings] WARNING: e:\tool\python\lib\site-packages\pymysql\cursors.py:166: Warning: (1265, u"Data truncated for column 'images' at row 51")
  result = self._query(query)

2017-11-16 18:53:01 [py.warnings] WARNING: e:\tool\python\lib\site-packages\pymysql\cursors.py:166: Warning: (1265, u"Data truncated for column 'property_term' at row 51")
  result = self._query(query)

2017-11-16 18:53:01 [crawl.middlewares.middlewares] INFO: [Crawl url] https://tj.lianjia.com/ershoufang/101102285902.html, 
	Current UserAgent: Mozilla/5.0 (Windows NT 6.2) AppleWebKit/536.3 (KHTML, like Gecko) Chrome/19.0.1062.0 Safari/536.3
2017-11-16 18:53:02 [py.warnings] WARNING: e:\tool\python\lib\site-packages\pymysql\cursors.py:166: Warning: (1265, u"Data truncated for column 'layout_datas' at row 38")
  result = self._query(query)

2017-11-16 18:53:02 [py.warnings] WARNING: e:\tool\python\lib\site-packages\pymysql\cursors.py:166: Warning: (1265, u"Data truncated for column 'property_term' at row 38")
  result = self._query(query)

2017-11-16 18:53:02 [crawl.middlewares.middlewares] INFO: [Crawl url] https://tj.lianjia.com/ershoufang/101101541977.html, 
	Current UserAgent: Mozilla/5.0 (Windows NT 6.2; WOW64) AppleWebKit/537.1 (KHTML, like Gecko) Chrome/19.77.34.5 Safari/537.1
2017-11-16 18:53:03 [py.warnings] WARNING: e:\tool\python\lib\site-packages\pymysql\cursors.py:166: Warning: (1265, u"Data truncated for column 'layout_datas' at row 106")
  result = self._query(query)

2017-11-16 18:53:03 [py.warnings] WARNING: e:\tool\python\lib\site-packages\pymysql\cursors.py:166: Warning: (1265, u"Data truncated for column 'property_term' at row 106")
  result = self._query(query)

2017-11-16 18:53:03 [crawl.middlewares.middlewares] INFO: [Crawl url] https://tj.lianjia.com/ershoufang/101101166966.html, 
	Current UserAgent: Mozilla/5.0 (Windows NT 6.1) AppleWebKit/536.3 (KHTML, like Gecko) Chrome/19.0.1061.1 Safari/536.3
2017-11-16 18:53:04 [py.warnings] WARNING: e:\tool\python\lib\site-packages\pymysql\cursors.py:166: Warning: (1265, u"Data truncated for column 'layout_datas' at row 115")
  result = self._query(query)

2017-11-16 18:53:04 [py.warnings] WARNING: e:\tool\python\lib\site-packages\pymysql\cursors.py:166: Warning: (1265, u"Data truncated for column 'property_term' at row 115")
  result = self._query(query)

2017-11-16 18:53:04 [crawl.middlewares.middlewares] INFO: [Crawl url] https://tj.lianjia.com/ershoufang/101101782243.html, 
	Current UserAgent: Mozilla/5.0 (Windows NT 6.1) AppleWebKit/537.36 (KHTML, like Gecko) Chrome/41.0.2228.0 Safari/537.36
2017-11-16 18:53:05 [py.warnings] WARNING: e:\tool\python\lib\site-packages\pymysql\cursors.py:166: Warning: (1265, u"Data truncated for column 'layout_datas' at row 39")
  result = self._query(query)

2017-11-16 18:53:05 [py.warnings] WARNING: e:\tool\python\lib\site-packages\pymysql\cursors.py:166: Warning: (1265, u"Data truncated for column 'property_term' at row 39")
  result = self._query(query)

2017-11-16 18:53:06 [crawl.middlewares.middlewares] INFO: [Crawl url] https://tj.lianjia.com/ershoufang/101101461223.html, 
	Current UserAgent: Mozilla/5.0 (Windows NT 6.1; WOW64) AppleWebKit/536.3 (KHTML, like Gecko) Chrome/19.0.1063.0 Safari/536.3
2017-11-16 18:53:07 [py.warnings] WARNING: e:\tool\python\lib\site-packages\pymysql\cursors.py:166: Warning: (1265, u"Data truncated for column 'layout_datas' at row 103")
  result = self._query(query)

2017-11-16 18:53:07 [py.warnings] WARNING: e:\tool\python\lib\site-packages\pymysql\cursors.py:166: Warning: (1265, u"Data truncated for column 'property_term' at row 103")
  result = self._query(query)

2017-11-16 18:53:07 [crawl.middlewares.middlewares] INFO: [Crawl url] https://tj.lianjia.com/ershoufang/101101724640.html, 
	Current UserAgent: Mozilla/5.0 (Macintosh; Intel Mac OS X 10_8_0) AppleWebKit/536.3 (KHTML, like Gecko) Chrome/19.0.1063.0 Safari/536.3
2017-11-16 18:53:08 [py.warnings] WARNING: e:\tool\python\lib\site-packages\pymysql\cursors.py:166: Warning: (1265, u"Data truncated for column 'layout_datas' at row 19")
  result = self._query(query)

2017-11-16 18:53:08 [py.warnings] WARNING: e:\tool\python\lib\site-packages\pymysql\cursors.py:166: Warning: (1265, u"Data truncated for column 'property_term' at row 19")
  result = self._query(query)

2017-11-16 18:53:08 [crawl.middlewares.middlewares] INFO: [Crawl url] https://tj.lianjia.com/ershoufang/101101055956.html, 
	Current UserAgent: Mozilla/5.0 (Windows NT 6.1; WOW64) AppleWebKit/537.1 (KHTML, like Gecko) Chrome/22.0.1207.1 Safari/537.1
2017-11-16 18:53:08 [py.warnings] WARNING: e:\tool\python\lib\site-packages\pymysql\cursors.py:166: Warning: (1265, u"Data truncated for column 'layout_datas' at row 5")
  result = self._query(query)

2017-11-16 18:53:08 [py.warnings] WARNING: e:\tool\python\lib\site-packages\pymysql\cursors.py:166: Warning: (1265, u"Data truncated for column 'property_term' at row 5")
  result = self._query(query)

2017-11-16 18:53:08 [crawl.middlewares.middlewares] INFO: [Crawl url] https://tj.lianjia.com/ershoufang/101101391018.html, 
	Current UserAgent: Mozilla/5.0 (Linux; U; Android 4.0.3; ko-kr; LG-L160L Build/IML74K) AppleWebkit/534.30 (KHTML, like Gecko) Version/4.0 Mobile Safari/534.30
2017-11-16 18:53:09 [crawl.middlewares.middlewares] INFO: [Crawl url] https://m.lianjia.com/tj/ershoufang/101101391018.html, 
	Current UserAgent: Mozilla/5.0 (Windows NT 6.1) AppleWebKit/537.36 (KHTML, like Gecko) Chrome/41.0.2228.0 Safari/537.36
2017-11-16 18:53:11 [crawl.middlewares.middlewares] INFO: [Crawl url] https://tj.lianjia.com/ershoufang/101102235889.html, 
	Current UserAgent: Mozilla/5.0 (Windows NT 6.2) AppleWebKit/536.3 (KHTML, like Gecko) Chrome/19.0.1062.0 Safari/536.3
2017-11-16 18:53:12 [py.warnings] WARNING: e:\tool\python\lib\site-packages\pymysql\cursors.py:166: Warning: (1265, u"Data truncated for column 'layout_datas' at row 95")
  result = self._query(query)

2017-11-16 18:53:12 [py.warnings] WARNING: e:\tool\python\lib\site-packages\pymysql\cursors.py:166: Warning: (1265, u"Data truncated for column 'property_term' at row 95")
  result = self._query(query)

2017-11-16 18:53:12 [crawl.middlewares.middlewares] INFO: [Crawl url] https://tj.lianjia.com/ershoufang/101102268984.html, 
	Current UserAgent: Mozilla/5.0 (Windows NT 6.1; WOW64) AppleWebKit/536.3 (KHTML, like Gecko) Chrome/19.0.1063.0 Safari/536.3
2017-11-16 18:53:12 [py.warnings] WARNING: e:\tool\python\lib\site-packages\pymysql\cursors.py:166: Warning: (1265, u"Data truncated for column 'layout_datas' at row 34")
  result = self._query(query)

2017-11-16 18:53:12 [py.warnings] WARNING: e:\tool\python\lib\site-packages\pymysql\cursors.py:166: Warning: (1265, u"Data truncated for column 'property_term' at row 34")
  result = self._query(query)

2017-11-16 18:53:12 [crawl.middlewares.middlewares] INFO: [Crawl url] https://tj.lianjia.com/ershoufang/101101274684.html, 
	Current UserAgent: Mozilla/5.0 (Windows NT 6.1) AppleWebKit/536.3 (KHTML, like Gecko) Chrome/19.0.1061.1 Safari/536.3
2017-11-16 18:53:13 [py.warnings] WARNING: e:\tool\python\lib\site-packages\pymysql\cursors.py:166: Warning: (1265, u"Data truncated for column 'layout_datas' at row 111")
  result = self._query(query)

2017-11-16 18:53:13 [py.warnings] WARNING: e:\tool\python\lib\site-packages\pymysql\cursors.py:166: Warning: (1265, u"Data truncated for column 'property_term' at row 111")
  result = self._query(query)

2017-11-16 18:53:13 [crawl.middlewares.middlewares] INFO: [Crawl url] https://tj.lianjia.com/ershoufang/101102213849.html, 
	Current UserAgent: Mozilla/5.0 (Linux; U; Android 4.0.3; ko-kr; LG-L160L Build/IML74K) AppleWebkit/534.30 (KHTML, like Gecko) Version/4.0 Mobile Safari/534.30
2017-11-16 18:53:13 [crawl.middlewares.middlewares] INFO: [Crawl url] https://m.lianjia.com/tj/ershoufang/101102213849.html, 
	Current UserAgent: Mozilla/5.0 (X11; CrOS i686 2268.111.0) AppleWebKit/536.11 (KHTML, like Gecko) Chrome/20.0.1132.57 Safari/536.11
2017-11-16 18:53:16 [crawl.middlewares.middlewares] INFO: [Crawl url] https://tj.lianjia.com/ershoufang/101100855174.html, 
	Current UserAgent: Mozilla/5.0 (Windows NT 6.2; WOW64) AppleWebKit/537.1 (KHTML, like Gecko) Chrome/19.77.34.5 Safari/537.1
2017-11-16 18:53:17 [py.warnings] WARNING: e:\tool\python\lib\site-packages\pymysql\cursors.py:166: Warning: (1265, u"Data truncated for column 'layout_datas' at row 46")
  result = self._query(query)

2017-11-16 18:53:17 [py.warnings] WARNING: e:\tool\python\lib\site-packages\pymysql\cursors.py:166: Warning: (1265, u"Data truncated for column 'images' at row 46")
  result = self._query(query)

2017-11-16 18:53:17 [py.warnings] WARNING: e:\tool\python\lib\site-packages\pymysql\cursors.py:166: Warning: (1265, u"Data truncated for column 'property_term' at row 46")
  result = self._query(query)

2017-11-16 18:53:17 [crawl.middlewares.middlewares] INFO: [Crawl url] https://tj.lianjia.com/ershoufang/101102211205.html, 
	Current UserAgent: Mozilla/5.0 (Windows NT 6.2) AppleWebKit/536.3 (KHTML, like Gecko) Chrome/19.0.1062.0 Safari/536.3
2017-11-16 18:53:18 [py.warnings] WARNING: e:\tool\python\lib\site-packages\pymysql\cursors.py:166: Warning: (1265, u"Data truncated for column 'layout_datas' at row 7")
  result = self._query(query)

2017-11-16 18:53:18 [py.warnings] WARNING: e:\tool\python\lib\site-packages\pymysql\cursors.py:166: Warning: (1265, u"Data truncated for column 'property_term' at row 7")
  result = self._query(query)

2017-11-16 18:53:18 [crawl.middlewares.middlewares] INFO: [Crawl url] https://tj.lianjia.com/ershoufang/101100805406.html, 
	Current UserAgent: Mozilla/5.0 (Windows NT 5.1) AppleWebKit/536.3 (KHTML, like Gecko) Chrome/19.0.1063.0 Safari/536.3
2017-11-16 18:53:19 [py.warnings] WARNING: e:\tool\python\lib\site-packages\pymysql\cursors.py:166: Warning: (1265, u"Data truncated for column 'layout_datas' at row 112")
  result = self._query(query)

2017-11-16 18:53:19 [py.warnings] WARNING: e:\tool\python\lib\site-packages\pymysql\cursors.py:166: Warning: (1265, u"Data truncated for column 'property_term' at row 112")
  result = self._query(query)

2017-11-16 18:53:19 [crawl.middlewares.middlewares] INFO: [Crawl url] https://tj.lianjia.com/ershoufang/101101832835.html, 
	Current UserAgent: Mozilla/5.0 (Windows NT 6.1; WOW64) AppleWebKit/536.3 (KHTML, like Gecko) Chrome/19.0.1061.1 Safari/536.3
2017-11-16 18:53:20 [py.warnings] WARNING: e:\tool\python\lib\site-packages\pymysql\cursors.py:166: Warning: (1265, u"Data truncated for column 'layout_datas' at row 62")
  result = self._query(query)

2017-11-16 18:53:20 [py.warnings] WARNING: e:\tool\python\lib\site-packages\pymysql\cursors.py:166: Warning: (1265, u"Data truncated for column 'property_term' at row 62")
  result = self._query(query)

2017-11-16 18:53:20 [crawl.middlewares.middlewares] INFO: [Crawl url] https://tj.lianjia.com/ershoufang/101102274141.html, 
	Current UserAgent: Mozilla/5.0 (Windows NT 6.1; WOW64) AppleWebKit/537.1 (KHTML, like Gecko) Chrome/22.0.1207.1 Safari/537.1
2017-11-16 18:53:20 [py.warnings] WARNING: e:\tool\python\lib\site-packages\pymysql\cursors.py:166: Warning: (1265, u"Data truncated for column 'layout_datas' at row 35")
  result = self._query(query)

2017-11-16 18:53:20 [py.warnings] WARNING: e:\tool\python\lib\site-packages\pymysql\cursors.py:166: Warning: (1265, u"Data truncated for column 'property_term' at row 35")
  result = self._query(query)

2017-11-16 18:53:21 [crawl.middlewares.middlewares] INFO: [Crawl url] https://tj.lianjia.com/ershoufang/101102017204.html, 
	Current UserAgent: Mozilla/5.0 (Windows NT 6.1; WOW64) AppleWebKit/536.3 (KHTML, like Gecko) Chrome/19.0.1063.0 Safari/536.3
2017-11-16 18:53:21 [py.warnings] WARNING: e:\tool\python\lib\site-packages\pymysql\cursors.py:166: Warning: (1265, u"Data truncated for column 'layout_datas' at row 27")
  result = self._query(query)

2017-11-16 18:53:21 [py.warnings] WARNING: e:\tool\python\lib\site-packages\pymysql\cursors.py:166: Warning: (1265, u"Data truncated for column 'property_term' at row 27")
  result = self._query(query)

2017-11-16 18:53:21 [crawl.middlewares.middlewares] INFO: [Crawl url] https://tj.lianjia.com/ershoufang/101101108017.html, 
	Current UserAgent: Mozilla/5.0 (Windows NT 6.2; WOW64) AppleWebKit/535.24 (KHTML, like Gecko) Chrome/19.0.1055.1 Safari/535.24
2017-11-16 18:53:22 [py.warnings] WARNING: e:\tool\python\lib\site-packages\pymysql\cursors.py:166: Warning: (1265, u"Data truncated for column 'property_term' at row 87")
  result = self._query(query)

2017-11-16 18:53:22 [crawl.middlewares.middlewares] INFO: [Crawl url] https://tj.lianjia.com/ershoufang/101101488167.html, 
	Current UserAgent: Mozilla/5.0 (Windows NT 6.2; WOW64) AppleWebKit/537.1 (KHTML, like Gecko) Chrome/19.77.34.5 Safari/537.1
2017-11-16 18:53:23 [py.warnings] WARNING: e:\tool\python\lib\site-packages\pymysql\cursors.py:166: Warning: (1265, u"Data truncated for column 'layout_datas' at row 105")
  result = self._query(query)

2017-11-16 18:53:23 [py.warnings] WARNING: e:\tool\python\lib\site-packages\pymysql\cursors.py:166: Warning: (1265, u"Data truncated for column 'property_term' at row 105")
  result = self._query(query)

2017-11-16 18:53:23 [crawl.middlewares.middlewares] INFO: [Crawl url] https://tj.lianjia.com/ershoufang/101102273345.html, 
	Current UserAgent: Mozilla/5.0 (Linux; U; Android 4.0.3; ko-kr; LG-L160L Build/IML74K) AppleWebkit/534.30 (KHTML, like Gecko) Version/4.0 Mobile Safari/534.30
2017-11-16 18:53:23 [crawl.middlewares.middlewares] INFO: [Crawl url] https://m.lianjia.com/tj/ershoufang/101102273345.html, 
	Current UserAgent: Mozilla/5.0 (Macintosh; Intel Mac OS X 10_8_0) AppleWebKit/536.3 (KHTML, like Gecko) Chrome/19.0.1063.0 Safari/536.3
2017-11-16 18:53:25 [crawl.middlewares.middlewares] INFO: [Crawl url] https://tj.lianjia.com/ershoufang/101100822341.html, 
	Current UserAgent: Mozilla/5.0 (Windows NT 6.1; WOW64) AppleWebKit/536.3 (KHTML, like Gecko) Chrome/19.0.1063.0 Safari/536.3
2017-11-16 18:53:26 [py.warnings] WARNING: e:\tool\python\lib\site-packages\pymysql\cursors.py:166: Warning: (1265, u"Data truncated for column 'property_term' at row 102")
  result = self._query(query)

2017-11-16 18:53:27 [crawl.middlewares.middlewares] INFO: [Crawl url] https://tj.lianjia.com/ershoufang/101102273332.html, 
	Current UserAgent: Mozilla/5.0 (Windows NT 6.1) AppleWebKit/537.36 (KHTML, like Gecko) Chrome/41.0.2228.0 Safari/537.36
2017-11-16 18:53:27 [py.warnings] WARNING: e:\tool\python\lib\site-packages\pymysql\cursors.py:166: Warning: (1265, u"Data truncated for column 'layout_datas' at row 52")
  result = self._query(query)

2017-11-16 18:53:27 [py.warnings] WARNING: e:\tool\python\lib\site-packages\pymysql\cursors.py:166: Warning: (1265, u"Data truncated for column 'property_term' at row 52")
  result = self._query(query)

2017-11-16 18:53:27 [crawl.middlewares.middlewares] INFO: [Crawl url] https://tj.lianjia.com/ershoufang/101101863390.html, 
	Current UserAgent: Mozilla/5.0 (Windows NT 6.1; WOW64) AppleWebKit/537.36 (KHTML, like Gecko) Chrome/56.0.2924.87 Safari/537.36
2017-11-16 18:53:28 [py.warnings] WARNING: e:\tool\python\lib\site-packages\pymysql\cursors.py:166: Warning: (1265, u"Data truncated for column 'layout_datas' at row 90")
  result = self._query(query)

2017-11-16 18:53:28 [py.warnings] WARNING: e:\tool\python\lib\site-packages\pymysql\cursors.py:166: Warning: (1265, u"Data truncated for column 'property_term' at row 90")
  result = self._query(query)

2017-11-16 18:53:28 [crawl.middlewares.middlewares] INFO: [Crawl url] https://tj.lianjia.com/ershoufang/101102088127.html, 
	Current UserAgent: Mozilla/5.0 (Windows NT 6.1) AppleWebKit/537.36 (KHTML, like Gecko) Chrome/41.0.2228.0 Safari/537.36
2017-11-16 18:53:29 [py.warnings] WARNING: e:\tool\python\lib\site-packages\pymysql\cursors.py:166: Warning: (1265, u"Data truncated for column 'layout_datas' at row 12")
  result = self._query(query)

2017-11-16 18:53:29 [py.warnings] WARNING: e:\tool\python\lib\site-packages\pymysql\cursors.py:166: Warning: (1265, u"Data truncated for column 'property_term' at row 12")
  result = self._query(query)

2017-11-16 18:53:29 [crawl.middlewares.middlewares] INFO: [Crawl url] https://tj.lianjia.com/ershoufang/101102242588.html, 
	Current UserAgent: Mozilla/5.0 (Windows NT 6.2) AppleWebKit/536.3 (KHTML, like Gecko) Chrome/19.0.1062.0 Safari/536.3
2017-11-16 18:53:30 [py.warnings] WARNING: e:\tool\python\lib\site-packages\pymysql\cursors.py:166: Warning: (1265, u"Data truncated for column 'layout_datas' at row 1")
  result = self._query(query)

2017-11-16 18:53:30 [py.warnings] WARNING: e:\tool\python\lib\site-packages\pymysql\cursors.py:166: Warning: (1265, u"Data truncated for column 'property_term' at row 1")
  result = self._query(query)

2017-11-16 18:53:30 [crawl.middlewares.middlewares] INFO: [Crawl url] https://tj.lianjia.com/ershoufang/101101111983.html, 
	Current UserAgent: Mozilla/5.0 (Windows NT 6.2) AppleWebKit/536.6 (KHTML, like Gecko) Chrome/20.0.1090.0 Safari/536.6
2017-11-16 18:53:31 [py.warnings] WARNING: e:\tool\python\lib\site-packages\pymysql\cursors.py:166: Warning: (1265, u"Data truncated for column 'layout_datas' at row 86")
  result = self._query(query)

2017-11-16 18:53:31 [py.warnings] WARNING: e:\tool\python\lib\site-packages\pymysql\cursors.py:166: Warning: (1265, u"Data truncated for column 'property_term' at row 86")
  result = self._query(query)

2017-11-16 18:53:31 [crawl.middlewares.middlewares] INFO: [Crawl url] https://tj.lianjia.com/ershoufang/101101517330.html, 
	Current UserAgent: Mozilla/5.0 (Linux; U; Android 4.0.3; ko-kr; LG-L160L Build/IML74K) AppleWebkit/534.30 (KHTML, like Gecko) Version/4.0 Mobile Safari/534.30
2017-11-16 18:53:31 [crawl.middlewares.middlewares] INFO: [Crawl url] https://m.lianjia.com/tj/ershoufang/101101517330.html, 
	Current UserAgent: Mozilla/5.0 (Windows NT 6.2) AppleWebKit/536.3 (KHTML, like Gecko) Chrome/19.0.1061.1 Safari/536.3
2017-11-16 18:53:33 [crawl.middlewares.middlewares] INFO: [Crawl url] https://tj.lianjia.com/ershoufang/101102301638.html, 
	Current UserAgent: Mozilla/5.0 (Linux; U; Android 4.0.3; ko-kr; LG-L160L Build/IML74K) AppleWebkit/534.30 (KHTML, like Gecko) Version/4.0 Mobile Safari/534.30
2017-11-16 18:53:33 [crawl.middlewares.middlewares] INFO: [Crawl url] https://m.lianjia.com/tj/ershoufang/101102301638.html, 
	Current UserAgent: Mozilla/5.0 (Macintosh; Intel Mac OS X 10_8_0) AppleWebKit/536.3 (KHTML, like Gecko) Chrome/19.0.1063.0 Safari/536.3
2017-11-16 18:53:35 [crawl.middlewares.middlewares] INFO: [Crawl url] https://tj.lianjia.com/ershoufang/101101555406.html, 
	Current UserAgent: Mozilla/5.0 (Macintosh; Intel Mac OS X 10_8_0) AppleWebKit/536.3 (KHTML, like Gecko) Chrome/19.0.1063.0 Safari/536.3
2017-11-16 18:53:35 [py.warnings] WARNING: e:\tool\python\lib\site-packages\pymysql\cursors.py:166: Warning: (1265, u"Data truncated for column 'layout_datas' at row 64")
  result = self._query(query)

2017-11-16 18:53:35 [py.warnings] WARNING: e:\tool\python\lib\site-packages\pymysql\cursors.py:166: Warning: (1265, u"Data truncated for column 'property_term' at row 64")
  result = self._query(query)

2017-11-16 18:53:35 [crawl.middlewares.middlewares] INFO: [Crawl url] https://tj.lianjia.com/ershoufang/101101653236.html, 
	Current UserAgent: Mozilla/5.0 (X11; Linux x86_64) AppleWebKit/536.5 (KHTML, like Gecko) Chrome/19.0.1084.9 Safari/536.5
2017-11-16 18:53:36 [py.warnings] WARNING: e:\tool\python\lib\site-packages\pymysql\cursors.py:166: Warning: (1265, u"Data truncated for column 'layout_datas' at row 17")
  result = self._query(query)

2017-11-16 18:53:36 [py.warnings] WARNING: e:\tool\python\lib\site-packages\pymysql\cursors.py:166: Warning: (1265, u"Data truncated for column 'property_term' at row 17")
  result = self._query(query)

2017-11-16 18:53:37 [crawl.middlewares.middlewares] INFO: [Crawl url] https://tj.lianjia.com/ershoufang/101101589303.html, 
	Current UserAgent: Mozilla/5.0 (X11; Linux x86_64) AppleWebKit/535.24 (KHTML, like Gecko) Chrome/19.0.1055.1 Safari/535.24
2017-11-16 18:53:37 [py.warnings] WARNING: e:\tool\python\lib\site-packages\pymysql\cursors.py:166: Warning: (1265, u"Data truncated for column 'layout_datas' at row 107")
  result = self._query(query)

2017-11-16 18:53:37 [py.warnings] WARNING: e:\tool\python\lib\site-packages\pymysql\cursors.py:166: Warning: (1265, u"Data truncated for column 'property_term' at row 107")
  result = self._query(query)

2017-11-16 18:53:38 [crawl.middlewares.middlewares] INFO: [Crawl url] https://tj.lianjia.com/ershoufang/101102283299.html, 
	Current UserAgent: Mozilla/5.0 (Windows NT 6.2; WOW64) AppleWebKit/535.24 (KHTML, like Gecko) Chrome/19.0.1055.1 Safari/535.24
2017-11-16 18:53:39 [py.warnings] WARNING: e:\tool\python\lib\site-packages\pymysql\cursors.py:166: Warning: (1265, u"Data truncated for column 'layout_datas' at row 24")
  result = self._query(query)

2017-11-16 18:53:39 [py.warnings] WARNING: e:\tool\python\lib\site-packages\pymysql\cursors.py:166: Warning: (1265, u"Data truncated for column 'property_term' at row 24")
  result = self._query(query)

2017-11-16 18:53:39 [crawl.middlewares.middlewares] INFO: [Crawl url] https://tj.lianjia.com/ershoufang/101101671034.html, 
	Current UserAgent: Mozilla/5.0 (Macintosh; Intel Mac OS X 10_8_0) AppleWebKit/536.3 (KHTML, like Gecko) Chrome/19.0.1063.0 Safari/536.3
2017-11-16 18:53:40 [py.warnings] WARNING: e:\tool\python\lib\site-packages\pymysql\cursors.py:166: Warning: (1265, u"Data truncated for column 'layout_datas' at row 14")
  result = self._query(query)

2017-11-16 18:53:40 [py.warnings] WARNING: e:\tool\python\lib\site-packages\pymysql\cursors.py:166: Warning: (1265, u"Data truncated for column 'images' at row 14")
  result = self._query(query)

2017-11-16 18:53:40 [py.warnings] WARNING: e:\tool\python\lib\site-packages\pymysql\cursors.py:166: Warning: (1265, u"Data truncated for column 'property_term' at row 14")
  result = self._query(query)

2017-11-16 18:53:40 [crawl.middlewares.middlewares] INFO: [Crawl url] https://tj.lianjia.com/ershoufang/101102272901.html, 
	Current UserAgent: Mozilla/5.0 (Windows NT 6.1) AppleWebKit/537.36 (KHTML, like Gecko) Chrome/41.0.2228.0 Safari/537.36
2017-11-16 18:53:40 [py.warnings] WARNING: e:\tool\python\lib\site-packages\pymysql\cursors.py:166: Warning: (1265, u"Data truncated for column 'layout_datas' at row 78")
  result = self._query(query)

2017-11-16 18:53:40 [py.warnings] WARNING: e:\tool\python\lib\site-packages\pymysql\cursors.py:166: Warning: (1265, u"Data truncated for column 'property_term' at row 78")
  result = self._query(query)

2017-11-16 18:53:40 [crawl.middlewares.middlewares] INFO: [Crawl url] https://tj.lianjia.com/ershoufang/101102293376.html, 
	Current UserAgent: Mozilla/5.0 (Windows NT 6.2) AppleWebKit/536.6 (KHTML, like Gecko) Chrome/20.0.1090.0 Safari/536.6
2017-11-16 18:53:41 [py.warnings] WARNING: e:\tool\python\lib\site-packages\pymysql\cursors.py:166: Warning: (1265, u"Data truncated for column 'layout_datas' at row 29")
  result = self._query(query)

2017-11-16 18:53:41 [py.warnings] WARNING: e:\tool\python\lib\site-packages\pymysql\cursors.py:166: Warning: (1265, u"Data truncated for column 'property_term' at row 29")
  result = self._query(query)

2017-11-16 18:53:41 [crawl.middlewares.middlewares] INFO: [Crawl url] https://tj.lianjia.com/ershoufang/101102268596.html, 
	Current UserAgent: Mozilla/5.0 (Windows NT 6.1; WOW64) AppleWebKit/536.6 (KHTML, like Gecko) Chrome/20.0.1092.0 Safari/536.6
2017-11-16 18:53:42 [py.warnings] WARNING: e:\tool\python\lib\site-packages\pymysql\cursors.py:166: Warning: (1265, u"Data truncated for column 'layout_datas' at row 53")
  result = self._query(query)

2017-11-16 18:53:42 [py.warnings] WARNING: e:\tool\python\lib\site-packages\pymysql\cursors.py:166: Warning: (1265, u"Data truncated for column 'property_term' at row 53")
  result = self._query(query)

2017-11-16 18:53:42 [crawl.middlewares.middlewares] INFO: [Crawl url] https://tj.lianjia.com/ershoufang/101101000451.html, 
	Current UserAgent: Mozilla/5.0 (X11; Linux x86_64) AppleWebKit/536.5 (KHTML, like Gecko) Chrome/19.0.1084.9 Safari/536.5
2017-11-16 18:53:43 [py.warnings] WARNING: e:\tool\python\lib\site-packages\pymysql\cursors.py:166: Warning: (1265, u"Data truncated for column 'layout_datas' at row 114")
  result = self._query(query)

2017-11-16 18:53:43 [py.warnings] WARNING: e:\tool\python\lib\site-packages\pymysql\cursors.py:166: Warning: (1265, u"Data truncated for column 'property_term' at row 114")
  result = self._query(query)

2017-11-16 18:53:43 [crawl.middlewares.middlewares] INFO: [Crawl url] https://tj.lianjia.com/ershoufang/101101607843.html, 
	Current UserAgent: Mozilla/5.0 (Windows NT 6.1; WOW64) AppleWebKit/536.3 (KHTML, like Gecko) Chrome/19.0.1063.0 Safari/536.3
2017-11-16 18:53:44 [py.warnings] WARNING: e:\tool\python\lib\site-packages\pymysql\cursors.py:166: Warning: (1265, u"Data truncated for column 'layout_datas' at row 109")
  result = self._query(query)

2017-11-16 18:53:44 [py.warnings] WARNING: e:\tool\python\lib\site-packages\pymysql\cursors.py:166: Warning: (1265, u"Data truncated for column 'property_term' at row 109")
  result = self._query(query)

2017-11-16 18:53:44 [crawl.middlewares.middlewares] INFO: [Crawl url] https://tj.lianjia.com/ershoufang/101102268606.html, 
	Current UserAgent: Mozilla/5.0 (Windows NT 6.2) AppleWebKit/536.3 (KHTML, like Gecko) Chrome/19.0.1061.0 Safari/536.3
2017-11-16 18:53:46 [py.warnings] WARNING: e:\tool\python\lib\site-packages\pymysql\cursors.py:166: Warning: (1265, u"Data truncated for column 'layout_datas' at row 16")
  result = self._query(query)

2017-11-16 18:53:46 [py.warnings] WARNING: e:\tool\python\lib\site-packages\pymysql\cursors.py:166: Warning: (1265, u"Data truncated for column 'property_term' at row 16")
  result = self._query(query)

2017-11-16 18:53:46 [crawl.middlewares.middlewares] INFO: [Crawl url] https://tj.lianjia.com/ershoufang/101102172361.html, 
	Current UserAgent: Mozilla/5.0 (Windows NT 5.1) AppleWebKit/536.3 (KHTML, like Gecko) Chrome/19.0.1063.0 Safari/536.3
2017-11-16 18:53:47 [py.warnings] WARNING: e:\tool\python\lib\site-packages\pymysql\cursors.py:166: Warning: (1265, u"Data truncated for column 'layout_datas' at row 85")
  result = self._query(query)

2017-11-16 18:53:47 [py.warnings] WARNING: e:\tool\python\lib\site-packages\pymysql\cursors.py:166: Warning: (1265, u"Data truncated for column 'property_term' at row 85")
  result = self._query(query)

2017-11-16 18:53:47 [crawl.middlewares.middlewares] INFO: [Crawl url] https://tj.lianjia.com/ershoufang/101102287225.html, 
	Current UserAgent: Mozilla/5.0 (Windows NT 6.0) AppleWebKit/536.5 (KHTML, like Gecko) Chrome/19.0.1084.36 Safari/536.5
2017-11-16 18:53:47 [py.warnings] WARNING: e:\tool\python\lib\site-packages\pymysql\cursors.py:166: Warning: (1265, u"Data truncated for column 'layout_datas' at row 26")
  result = self._query(query)

2017-11-16 18:53:47 [py.warnings] WARNING: e:\tool\python\lib\site-packages\pymysql\cursors.py:166: Warning: (1265, u"Data truncated for column 'property_term' at row 26")
  result = self._query(query)

2017-11-16 18:53:48 [crawl.middlewares.middlewares] INFO: [Crawl url] https://tj.lianjia.com/ershoufang/101101401234.html, 
	Current UserAgent: Mozilla/5.0 (Windows NT 6.2) AppleWebKit/536.3 (KHTML, like Gecko) Chrome/19.0.1061.0 Safari/536.3
2017-11-16 18:53:48 [py.warnings] WARNING: e:\tool\python\lib\site-packages\pymysql\cursors.py:166: Warning: (1265, u"Data truncated for column 'layout_datas' at row 81")
  result = self._query(query)

2017-11-16 18:53:48 [py.warnings] WARNING: e:\tool\python\lib\site-packages\pymysql\cursors.py:166: Warning: (1265, u"Data truncated for column 'property_term' at row 81")
  result = self._query(query)

2017-11-16 18:53:48 [crawl.middlewares.middlewares] INFO: [Crawl url] https://tj.lianjia.com/ershoufang/101100789178.html, 
	Current UserAgent: Mozilla/5.0 (Windows NT 6.2) AppleWebKit/536.3 (KHTML, like Gecko) Chrome/19.0.1061.1 Safari/536.3
2017-11-16 18:53:49 [py.warnings] WARNING: e:\tool\python\lib\site-packages\pymysql\cursors.py:166: Warning: (1265, u"Data truncated for column 'layout_datas' at row 32")
  result = self._query(query)

2017-11-16 18:53:49 [py.warnings] WARNING: e:\tool\python\lib\site-packages\pymysql\cursors.py:166: Warning: (1265, u"Data truncated for column 'property_term' at row 32")
  result = self._query(query)

2017-11-16 18:53:49 [crawl.middlewares.middlewares] INFO: [Crawl url] https://tj.lianjia.com/ershoufang/101102135284.html, 
	Current UserAgent: Mozilla/5.0 (Windows NT 6.1; WOW64) AppleWebKit/536.6 (KHTML, like Gecko) Chrome/20.0.1092.0 Safari/536.6
2017-11-16 18:53:51 [py.warnings] WARNING: e:\tool\python\lib\site-packages\pymysql\cursors.py:166: Warning: (1265, u"Data truncated for column 'layout_datas' at row 13")
  result = self._query(query)

2017-11-16 18:53:51 [py.warnings] WARNING: e:\tool\python\lib\site-packages\pymysql\cursors.py:166: Warning: (1265, u"Data truncated for column 'property_term' at row 13")
  result = self._query(query)

2017-11-16 18:53:51 [crawl.middlewares.middlewares] INFO: [Crawl url] https://tj.lianjia.com/ershoufang/101102217778.html, 
	Current UserAgent: Mozilla/5.0 (Windows NT 6.2) AppleWebKit/536.6 (KHTML, like Gecko) Chrome/20.0.1090.0 Safari/536.6
2017-11-16 18:53:52 [py.warnings] WARNING: e:\tool\python\lib\site-packages\pymysql\cursors.py:166: Warning: (1265, u"Data truncated for column 'layout_datas' at row 61")
  result = self._query(query)

2017-11-16 18:53:52 [py.warnings] WARNING: e:\tool\python\lib\site-packages\pymysql\cursors.py:166: Warning: (1265, u"Data truncated for column 'property_term' at row 61")
  result = self._query(query)

2017-11-16 18:53:52 [crawl.middlewares.middlewares] INFO: [Crawl url] https://tj.lianjia.com/ershoufang/101102200799.html, 
	Current UserAgent: Mozilla/5.0 (Macintosh; Intel Mac OS X 10_8_0) AppleWebKit/536.3 (KHTML, like Gecko) Chrome/19.0.1063.0 Safari/536.3
2017-11-16 18:53:53 [py.warnings] WARNING: e:\tool\python\lib\site-packages\pymysql\cursors.py:166: Warning: (1265, u"Data truncated for column 'layout_datas' at row 92")
  result = self._query(query)

2017-11-16 18:53:53 [py.warnings] WARNING: e:\tool\python\lib\site-packages\pymysql\cursors.py:166: Warning: (1265, u"Data truncated for column 'property_term' at row 92")
  result = self._query(query)

2017-11-16 18:53:53 [crawl.middlewares.middlewares] INFO: [Crawl url] https://tj.lianjia.com/ershoufang/101102294282.html, 
	Current UserAgent: Mozilla/5.0 (Windows NT 6.0) AppleWebKit/536.5 (KHTML, like Gecko) Chrome/19.0.1084.36 Safari/536.5
2017-11-16 18:53:53 [py.warnings] WARNING: e:\tool\python\lib\site-packages\pymysql\cursors.py:166: Warning: (1265, u"Data truncated for column 'property_term' at row 117")
  result = self._query(query)

2017-11-16 18:53:53 [crawl.middlewares.middlewares] INFO: [Crawl url] https://tj.lianjia.com/ershoufang/101101535495.html, 
	Current UserAgent: Mozilla/5.0 (Windows NT 6.2) AppleWebKit/536.3 (KHTML, like Gecko) Chrome/19.0.1061.1 Safari/536.3
2017-11-16 18:53:54 [py.warnings] WARNING: e:\tool\python\lib\site-packages\pymysql\cursors.py:166: Warning: (1265, u"Data truncated for column 'layout_datas' at row 104")
  result = self._query(query)

2017-11-16 18:53:54 [py.warnings] WARNING: e:\tool\python\lib\site-packages\pymysql\cursors.py:166: Warning: (1265, u"Data truncated for column 'property_term' at row 104")
  result = self._query(query)

2017-11-16 18:53:54 [crawl.middlewares.middlewares] INFO: [Crawl url] https://tj.lianjia.com/ershoufang/101101232077.html, 
	Current UserAgent: Mozilla/5.0 (Linux; U; Android 4.0.3; ko-kr; LG-L160L Build/IML74K) AppleWebkit/534.30 (KHTML, like Gecko) Version/4.0 Mobile Safari/534.30
2017-11-16 18:53:55 [crawl.middlewares.middlewares] INFO: [Crawl url] https://m.lianjia.com/tj/ershoufang/101101232077.html, 
	Current UserAgent: Mozilla/5.0 (Windows NT 6.1; WOW64) AppleWebKit/536.3 (KHTML, like Gecko) Chrome/19.0.1063.0 Safari/536.3
2017-11-16 18:53:57 [crawl.middlewares.middlewares] INFO: [Crawl url] https://tj.lianjia.com/ershoufang/101102216090.html, 
	Current UserAgent: Mozilla/5.0 (Linux; U; Android 2.2.1; en-ca; LG-P505R Build/FRG83) AppleWebKit/533.1 (KHTML, like Gecko) Version/4.0 Mobile Safari/533.1
2017-11-16 18:53:57 [crawl.middlewares.middlewares] INFO: [Crawl url] https://m.lianjia.com/tj/ershoufang/101102216090.html, 
	Current UserAgent: Mozilla/5.0 (Windows NT 6.2) AppleWebKit/536.3 (KHTML, like Gecko) Chrome/19.0.1061.0 Safari/536.3
2017-11-16 18:53:59 [crawl.middlewares.middlewares] INFO: [Crawl url] https://tj.lianjia.com/ershoufang/101102171972.html, 
	Current UserAgent: Mozilla/5.0 (Windows NT 6.1; WOW64) AppleWebKit/537.36 (KHTML, like Gecko) Chrome/56.0.2924.87 Safari/537.36
2017-11-16 18:53:59 [scrapy.extensions.logstats] INFO: Crawled 108 pages (at 54 pages/min), scraped 108 items (at 54 items/min)
2017-11-16 18:54:00 [py.warnings] WARNING: e:\tool\python\lib\site-packages\pymysql\cursors.py:166: Warning: (1265, u"Data truncated for column 'layout_datas' at row 47")
  result = self._query(query)

2017-11-16 18:54:00 [py.warnings] WARNING: e:\tool\python\lib\site-packages\pymysql\cursors.py:166: Warning: (1265, u"Data truncated for column 'property_term' at row 47")
  result = self._query(query)

2017-11-16 18:54:00 [crawl.middlewares.middlewares] INFO: [Crawl url] https://tj.lianjia.com/ershoufang/101102270631.html, 
	Current UserAgent: Mozilla/5.0 (Windows NT 6.1; WOW64) AppleWebKit/537.1 (KHTML, like Gecko) Chrome/22.0.1207.1 Safari/537.1
2017-11-16 18:54:01 [py.warnings] WARNING: e:\tool\python\lib\site-packages\pymysql\cursors.py:166: Warning: (1265, u"Data truncated for column 'layout_datas' at row 15")
  result = self._query(query)

2017-11-16 18:54:01 [py.warnings] WARNING: e:\tool\python\lib\site-packages\pymysql\cursors.py:166: Warning: (1265, u"Data truncated for column 'property_term' at row 15")
  result = self._query(query)

2017-11-16 18:54:01 [crawl.middlewares.middlewares] INFO: [Crawl url] https://tj.lianjia.com/ershoufang/101102263945.html, 
	Current UserAgent: Mozilla/5.0 (X11; CrOS i686 2268.111.0) AppleWebKit/536.11 (KHTML, like Gecko) Chrome/20.0.1132.57 Safari/536.11
2017-11-16 18:54:01 [py.warnings] WARNING: e:\tool\python\lib\site-packages\pymysql\cursors.py:166: Warning: (1265, u"Data truncated for column 'layout_datas' at row 36")
  result = self._query(query)

2017-11-16 18:54:01 [py.warnings] WARNING: e:\tool\python\lib\site-packages\pymysql\cursors.py:166: Warning: (1265, u"Data truncated for column 'property_term' at row 36")
  result = self._query(query)

2017-11-16 18:54:01 [crawl.middlewares.middlewares] INFO: [Crawl url] https://tj.lianjia.com/ershoufang/101101904520.html, 
	Current UserAgent: Mozilla/5.0 (Macintosh; Intel Mac OS X 10_8_0) AppleWebKit/536.3 (KHTML, like Gecko) Chrome/19.0.1063.0 Safari/536.3
2017-11-16 18:54:02 [py.warnings] WARNING: e:\tool\python\lib\site-packages\pymysql\cursors.py:166: Warning: (1265, u"Data truncated for column 'layout_datas' at row 42")
  result = self._query(query)

2017-11-16 18:54:02 [py.warnings] WARNING: e:\tool\python\lib\site-packages\pymysql\cursors.py:166: Warning: (1265, u"Data truncated for column 'property_term' at row 42")
  result = self._query(query)

2017-11-16 18:54:02 [crawl.middlewares.middlewares] INFO: [Crawl url] https://tj.lianjia.com/ershoufang/101102279221.html, 
	Current UserAgent: Mozilla/5.0 (Windows NT 6.1; WOW64) AppleWebKit/537.1 (KHTML, like Gecko) Chrome/22.0.1207.1 Safari/537.1
2017-11-16 18:54:03 [py.warnings] WARNING: e:\tool\python\lib\site-packages\pymysql\cursors.py:166: Warning: (1265, u"Data truncated for column 'layout_datas' at row 119")
  result = self._query(query)

2017-11-16 18:54:03 [py.warnings] WARNING: e:\tool\python\lib\site-packages\pymysql\cursors.py:166: Warning: (1265, u"Data truncated for column 'property_term' at row 119")
  result = self._query(query)

2017-11-16 18:54:03 [crawl.middlewares.middlewares] INFO: [Crawl url] https://tj.lianjia.com/ershoufang/101100914618.html, 
	Current UserAgent: Mozilla/5.0 (Windows NT 6.2; WOW64) AppleWebKit/537.1 (KHTML, like Gecko) Chrome/19.77.34.5 Safari/537.1
2017-11-16 18:54:04 [py.warnings] WARNING: e:\tool\python\lib\site-packages\pymysql\cursors.py:166: Warning: (1265, u"Data truncated for column 'layout_datas' at row 49")
  result = self._query(query)

2017-11-16 18:54:04 [py.warnings] WARNING: e:\tool\python\lib\site-packages\pymysql\cursors.py:166: Warning: (1265, u"Data truncated for column 'property_term' at row 49")
  result = self._query(query)

2017-11-16 18:54:04 [crawl.middlewares.middlewares] INFO: [Crawl url] https://tj.lianjia.com/ershoufang/101102277388.html, 
	Current UserAgent: Mozilla/5.0 (Windows NT 6.1; WOW64) AppleWebKit/536.3 (KHTML, like Gecko) Chrome/19.0.1062.0 Safari/536.3
2017-11-16 18:54:05 [py.warnings] WARNING: e:\tool\python\lib\site-packages\pymysql\cursors.py:166: Warning: (1265, u"Data truncated for column 'layout_datas' at row 99")
  result = self._query(query)

2017-11-16 18:54:05 [py.warnings] WARNING: e:\tool\python\lib\site-packages\pymysql\cursors.py:166: Warning: (1265, u"Data truncated for column 'property_term' at row 99")
  result = self._query(query)

2017-11-16 18:54:05 [crawl.middlewares.middlewares] INFO: [Crawl url] https://tj.lianjia.com/ershoufang/101101423815.html, 
	Current UserAgent: Mozilla/5.0 (Linux; U; Android 4.0.3; ko-kr; LG-L160L Build/IML74K) AppleWebkit/534.30 (KHTML, like Gecko) Version/4.0 Mobile Safari/534.30
2017-11-16 18:54:05 [crawl.middlewares.middlewares] INFO: [Crawl url] https://m.lianjia.com/tj/ershoufang/101101423815.html, 
	Current UserAgent: Mozilla/5.0 (Windows NT 6.1) AppleWebKit/536.3 (KHTML, like Gecko) Chrome/19.0.1061.1 Safari/536.3
2017-11-16 18:54:07 [crawl.middlewares.middlewares] INFO: [Crawl url] https://tj.lianjia.com/ershoufang/101102259820.html, 
	Current UserAgent: Mozilla/5.0 (Windows NT 6.1; WOW64) AppleWebKit/536.3 (KHTML, like Gecko) Chrome/19.0.1063.0 Safari/536.3
2017-11-16 18:54:08 [py.warnings] WARNING: e:\tool\python\lib\site-packages\pymysql\cursors.py:166: Warning: (1265, u"Data truncated for column 'layout_datas' at row 69")
  result = self._query(query)

2017-11-16 18:54:08 [py.warnings] WARNING: e:\tool\python\lib\site-packages\pymysql\cursors.py:166: Warning: (1265, u"Data truncated for column 'property_term' at row 69")
  result = self._query(query)

2017-11-16 18:54:08 [crawl.middlewares.middlewares] INFO: [Crawl url] https://tj.lianjia.com/ershoufang/101101154018.html, 
	Current UserAgent: Mozilla/5.0 (X11; CrOS i686 2268.111.0) AppleWebKit/536.11 (KHTML, like Gecko) Chrome/20.0.1132.57 Safari/536.11
2017-11-16 18:54:09 [py.warnings] WARNING: e:\tool\python\lib\site-packages\pymysql\cursors.py:166: Warning: (1265, u"Data truncated for column 'layout_datas' at row 76")
  result = self._query(query)

2017-11-16 18:54:09 [py.warnings] WARNING: e:\tool\python\lib\site-packages\pymysql\cursors.py:166: Warning: (1265, u"Data truncated for column 'property_term' at row 76")
  result = self._query(query)

2017-11-16 18:54:09 [crawl.middlewares.middlewares] INFO: [Crawl url] https://tj.lianjia.com/ershoufang/101102097943.html, 
	Current UserAgent: Mozilla/5.0 (Windows NT 6.1) AppleWebKit/536.3 (KHTML, like Gecko) Chrome/19.0.1061.1 Safari/536.3
2017-11-16 18:54:10 [py.warnings] WARNING: e:\tool\python\lib\site-packages\pymysql\cursors.py:166: Warning: (1265, u"Data truncated for column 'layout_datas' at row 67")
  result = self._query(query)

2017-11-16 18:54:10 [py.warnings] WARNING: e:\tool\python\lib\site-packages\pymysql\cursors.py:166: Warning: (1265, u"Data truncated for column 'property_term' at row 67")
  result = self._query(query)

2017-11-16 18:54:10 [crawl.middlewares.middlewares] INFO: [Crawl url] https://tj.lianjia.com/ershoufang/101102201830.html, 
	Current UserAgent: Mozilla/5.0 (Windows NT 6.1) AppleWebKit/536.3 (KHTML, like Gecko) Chrome/19.0.1061.1 Safari/536.3
2017-11-16 18:54:11 [py.warnings] WARNING: e:\tool\python\lib\site-packages\pymysql\cursors.py:166: Warning: (1265, u"Data truncated for column 'layout_datas' at row 98")
  result = self._query(query)

2017-11-16 18:54:11 [py.warnings] WARNING: e:\tool\python\lib\site-packages\pymysql\cursors.py:166: Warning: (1265, u"Data truncated for column 'property_term' at row 98")
  result = self._query(query)

2017-11-16 18:54:11 [scrapy.core.engine] INFO: Closing spider (finished)
2017-11-16 18:54:11 [scrapy.statscollectors] INFO: Dumping Scrapy stats:
{'downloader/request_bytes': 85958,
 'downloader/request_count': 133,
 'downloader/request_method_count/GET': 133,
 'downloader/response_bytes': 3133370,
 'downloader/response_count': 133,
 'downloader/response_status_count/200': 120,
 'downloader/response_status_count/301': 13,
 'finish_reason': 'finished',
 'finish_time': datetime.datetime(2017, 11, 16, 10, 54, 11, 486000),
 'item_scraped_count': 120,
 'log_count/INFO': 142,
 'log_count/WARNING': 215,
 'request_depth_max': 119,
 'response_received_count': 120,
 'scheduler/dequeued': 133,
 'scheduler/dequeued/memory': 133,
 'scheduler/enqueued': 133,
 'scheduler/enqueued/memory': 133,
 'start_time': datetime.datetime(2017, 11, 16, 10, 51, 59, 897000)}
2017-11-16 18:54:11 [scrapy.core.engine] INFO: Spider closed (finished)
