2017-11-16 17:06:48 [scrapy.middleware] INFO: Enabled extensions:
['scrapy.extensions.logstats.LogStats',
 'scrapy.extensions.telnet.TelnetConsole',
 'scrapy.extensions.corestats.CoreStats']
2017-11-16 17:06:48 [scrapy.middleware] INFO: Enabled downloader middlewares:
['scrapy.downloadermiddlewares.httpauth.HttpAuthMiddleware',
 'scrapy.downloadermiddlewares.downloadtimeout.DownloadTimeoutMiddleware',
 'scrapy.downloadermiddlewares.defaultheaders.DefaultHeadersMiddleware',
 'crawl.middlewares.middlewares.RotateUserAgentMiddleware',
 'scrapy.downloadermiddlewares.retry.RetryMiddleware',
 'scrapy.downloadermiddlewares.redirect.MetaRefreshMiddleware',
 'scrapy.downloadermiddlewares.redirect.RedirectMiddleware',
 'crawl.middlewares.middlewares.CookiesSaveingMiddleware',
 'scrapy.downloadermiddlewares.cookies.CookiesMiddleware',
 'scrapy_splash.SplashCookiesMiddleware',
 'scrapy_splash.SplashMiddleware',
 'scrapy.downloadermiddlewares.httpproxy.HttpProxyMiddleware',
 'scrapy.downloadermiddlewares.httpcompression.HttpCompressionMiddleware',
 'scrapy.downloadermiddlewares.stats.DownloaderStats']
2017-11-16 17:06:48 [scrapy.middleware] INFO: Enabled spider middlewares:
['scrapy.spidermiddlewares.httperror.HttpErrorMiddleware',
 'scrapy.spidermiddlewares.offsite.OffsiteMiddleware',
 'scrapy.spidermiddlewares.referer.RefererMiddleware',
 'scrapy.spidermiddlewares.urllength.UrlLengthMiddleware',
 'scrapy.spidermiddlewares.depth.DepthMiddleware']
2017-11-16 17:06:48 [scrapy.middleware] INFO: Enabled item pipelines:
['crawl.pipelines.database.DatabasePipeline']
2017-11-16 17:06:48 [scrapy.core.engine] INFO: Spider opened
2017-11-16 17:06:48 [scrapy.extensions.logstats] INFO: Crawled 0 pages (at 0 pages/min), scraped 0 items (at 0 items/min)
2017-11-16 17:06:48 [crawl.middlewares.middlewares] INFO: [Crawl url] https://tj.lianjia.com/ershoufang/houseseerecord?id=None, 
	Current UserAgent: Mozilla/5.0 (Windows NT 6.2; WOW64) AppleWebKit/535.24 (KHTML, like Gecko) Chrome/19.0.1055.1 Safari/535.24
2017-11-16 17:06:48 [scrapy.core.scraper] ERROR: Spider error processing <GET https://tj.lianjia.com/ershoufang/houseseerecord?id=None> (referer: None)
Traceback (most recent call last):
  File "e:\tool\python\lib\site-packages\scrapy\utils\defer.py", line 102, in iter_errback
    yield next(it)
  File "e:\tool\python\lib\site-packages\scrapy\spidermiddlewares\offsite.py", line 29, in process_spider_output
    for x in result:
  File "e:\tool\python\lib\site-packages\scrapy\spidermiddlewares\referer.py", line 339, in <genexpr>
    return (_set_referer(r) for r in result or ())
  File "e:\tool\python\lib\site-packages\scrapy\spidermiddlewares\urllength.py", line 37, in <genexpr>
    return (r for r in result or () if _filter(r))
  File "e:\tool\python\lib\site-packages\scrapy\spidermiddlewares\depth.py", line 58, in <genexpr>
    return (r for r in result or () if _filter(r))
  File "D:\tutu\spider_captain\crawl\spiders\crawl_lianjia_visited.py", line 28, in parse_feedback
    recordList = data['seeRecord']
TypeError: 'NoneType' object has no attribute '__getitem__'
2017-11-16 17:06:48 [scrapy.core.engine] INFO: Closing spider (finished)
2017-11-16 17:06:48 [scrapy.statscollectors] INFO: Dumping Scrapy stats:
{'downloader/request_bytes': 347,
 'downloader/request_count': 1,
 'downloader/request_method_count/GET': 1,
 'downloader/response_bytes': 618,
 'downloader/response_count': 1,
 'downloader/response_status_count/200': 1,
 'finish_reason': 'finished',
 'finish_time': datetime.datetime(2017, 11, 16, 9, 6, 48, 955000),
 'log_count/ERROR': 1,
 'log_count/INFO': 8,
 'response_received_count': 1,
 'scheduler/dequeued': 1,
 'scheduler/dequeued/memory': 1,
 'scheduler/enqueued': 1,
 'scheduler/enqueued/memory': 1,
 'spider_exceptions/TypeError': 1,
 'start_time': datetime.datetime(2017, 11, 16, 9, 6, 48, 593000)}
2017-11-16 17:06:48 [scrapy.core.engine] INFO: Spider closed (finished)
2017-11-16 17:07:24 [scrapy.middleware] INFO: Enabled extensions:
['scrapy.extensions.logstats.LogStats',
 'scrapy.extensions.telnet.TelnetConsole',
 'scrapy.extensions.corestats.CoreStats']
2017-11-16 17:07:24 [scrapy.middleware] INFO: Enabled downloader middlewares:
['scrapy.downloadermiddlewares.httpauth.HttpAuthMiddleware',
 'scrapy.downloadermiddlewares.downloadtimeout.DownloadTimeoutMiddleware',
 'scrapy.downloadermiddlewares.defaultheaders.DefaultHeadersMiddleware',
 'crawl.middlewares.middlewares.RotateUserAgentMiddleware',
 'scrapy.downloadermiddlewares.retry.RetryMiddleware',
 'scrapy.downloadermiddlewares.redirect.MetaRefreshMiddleware',
 'scrapy.downloadermiddlewares.redirect.RedirectMiddleware',
 'crawl.middlewares.middlewares.CookiesSaveingMiddleware',
 'scrapy.downloadermiddlewares.cookies.CookiesMiddleware',
 'scrapy_splash.SplashCookiesMiddleware',
 'scrapy_splash.SplashMiddleware',
 'scrapy.downloadermiddlewares.httpproxy.HttpProxyMiddleware',
 'scrapy.downloadermiddlewares.httpcompression.HttpCompressionMiddleware',
 'scrapy.downloadermiddlewares.stats.DownloaderStats']
2017-11-16 17:07:24 [scrapy.middleware] INFO: Enabled spider middlewares:
['scrapy.spidermiddlewares.httperror.HttpErrorMiddleware',
 'scrapy.spidermiddlewares.offsite.OffsiteMiddleware',
 'scrapy.spidermiddlewares.referer.RefererMiddleware',
 'scrapy.spidermiddlewares.urllength.UrlLengthMiddleware',
 'scrapy.spidermiddlewares.depth.DepthMiddleware']
2017-11-16 17:07:24 [scrapy.middleware] INFO: Enabled item pipelines:
['crawl.pipelines.database.DatabasePipeline']
2017-11-16 17:07:24 [twisted] CRITICAL: Unhandled error in Deferred:
2017-11-16 17:07:24 [twisted] CRITICAL: 
Traceback (most recent call last):
  File "e:\tool\python\lib\site-packages\twisted\internet\defer.py", line 1386, in _inlineCallbacks
    result = g.send(result)
  File "e:\tool\python\lib\site-packages\scrapy\crawler.py", line 95, in crawl
    six.reraise(*exc_info)
  File "e:\tool\python\lib\site-packages\scrapy\crawler.py", line 78, in crawl
    start_requests = iter(self.spider.start_requests())
TypeError: 'NoneType' object is not iterable
2017-11-16 17:09:38 [scrapy.middleware] INFO: Enabled extensions:
['scrapy.extensions.logstats.LogStats',
 'scrapy.extensions.telnet.TelnetConsole',
 'scrapy.extensions.corestats.CoreStats']
2017-11-16 17:09:38 [scrapy.middleware] INFO: Enabled downloader middlewares:
['scrapy.downloadermiddlewares.httpauth.HttpAuthMiddleware',
 'scrapy.downloadermiddlewares.downloadtimeout.DownloadTimeoutMiddleware',
 'scrapy.downloadermiddlewares.defaultheaders.DefaultHeadersMiddleware',
 'crawl.middlewares.middlewares.RotateUserAgentMiddleware',
 'scrapy.downloadermiddlewares.retry.RetryMiddleware',
 'scrapy.downloadermiddlewares.redirect.MetaRefreshMiddleware',
 'scrapy.downloadermiddlewares.redirect.RedirectMiddleware',
 'crawl.middlewares.middlewares.CookiesSaveingMiddleware',
 'scrapy.downloadermiddlewares.cookies.CookiesMiddleware',
 'scrapy_splash.SplashCookiesMiddleware',
 'scrapy_splash.SplashMiddleware',
 'scrapy.downloadermiddlewares.httpproxy.HttpProxyMiddleware',
 'scrapy.downloadermiddlewares.httpcompression.HttpCompressionMiddleware',
 'scrapy.downloadermiddlewares.stats.DownloaderStats']
2017-11-16 17:09:38 [scrapy.middleware] INFO: Enabled spider middlewares:
['scrapy.spidermiddlewares.httperror.HttpErrorMiddleware',
 'scrapy.spidermiddlewares.offsite.OffsiteMiddleware',
 'scrapy.spidermiddlewares.referer.RefererMiddleware',
 'scrapy.spidermiddlewares.urllength.UrlLengthMiddleware',
 'scrapy.spidermiddlewares.depth.DepthMiddleware']
2017-11-16 17:09:38 [scrapy.middleware] INFO: Enabled item pipelines:
['crawl.pipelines.database.DatabasePipeline']
2017-11-16 17:09:38 [twisted] CRITICAL: Unhandled error in Deferred:
2017-11-16 17:09:38 [twisted] CRITICAL: 
Traceback (most recent call last):
  File "e:\tool\python\lib\site-packages\twisted\internet\defer.py", line 1386, in _inlineCallbacks
    result = g.send(result)
  File "e:\tool\python\lib\site-packages\scrapy\crawler.py", line 95, in crawl
    six.reraise(*exc_info)
  File "e:\tool\python\lib\site-packages\scrapy\crawler.py", line 78, in crawl
    start_requests = iter(self.spider.start_requests())
TypeError: 'NoneType' object is not iterable
2017-11-16 17:10:30 [scrapy.middleware] INFO: Enabled extensions:
['scrapy.extensions.logstats.LogStats',
 'scrapy.extensions.telnet.TelnetConsole',
 'scrapy.extensions.corestats.CoreStats']
2017-11-16 17:10:30 [scrapy.middleware] INFO: Enabled downloader middlewares:
['scrapy.downloadermiddlewares.httpauth.HttpAuthMiddleware',
 'scrapy.downloadermiddlewares.downloadtimeout.DownloadTimeoutMiddleware',
 'scrapy.downloadermiddlewares.defaultheaders.DefaultHeadersMiddleware',
 'crawl.middlewares.middlewares.RotateUserAgentMiddleware',
 'scrapy.downloadermiddlewares.retry.RetryMiddleware',
 'scrapy.downloadermiddlewares.redirect.MetaRefreshMiddleware',
 'scrapy.downloadermiddlewares.redirect.RedirectMiddleware',
 'crawl.middlewares.middlewares.CookiesSaveingMiddleware',
 'scrapy.downloadermiddlewares.cookies.CookiesMiddleware',
 'scrapy_splash.SplashCookiesMiddleware',
 'scrapy_splash.SplashMiddleware',
 'scrapy.downloadermiddlewares.httpproxy.HttpProxyMiddleware',
 'scrapy.downloadermiddlewares.httpcompression.HttpCompressionMiddleware',
 'scrapy.downloadermiddlewares.stats.DownloaderStats']
2017-11-16 17:10:30 [scrapy.middleware] INFO: Enabled spider middlewares:
['scrapy.spidermiddlewares.httperror.HttpErrorMiddleware',
 'scrapy.spidermiddlewares.offsite.OffsiteMiddleware',
 'scrapy.spidermiddlewares.referer.RefererMiddleware',
 'scrapy.spidermiddlewares.urllength.UrlLengthMiddleware',
 'scrapy.spidermiddlewares.depth.DepthMiddleware']
2017-11-16 17:10:30 [scrapy.middleware] INFO: Enabled item pipelines:
['crawl.pipelines.database.DatabasePipeline']
2017-11-16 17:10:30 [twisted] CRITICAL: Unhandled error in Deferred:
2017-11-16 17:10:30 [twisted] CRITICAL: 
Traceback (most recent call last):
  File "e:\tool\python\lib\site-packages\twisted\internet\defer.py", line 1386, in _inlineCallbacks
    result = g.send(result)
  File "e:\tool\python\lib\site-packages\scrapy\crawler.py", line 95, in crawl
    six.reraise(*exc_info)
  File "e:\tool\python\lib\site-packages\scrapy\crawler.py", line 78, in crawl
    start_requests = iter(self.spider.start_requests())
TypeError: 'NoneType' object is not iterable
2017-11-16 17:11:04 [scrapy.middleware] INFO: Enabled extensions:
['scrapy.extensions.logstats.LogStats',
 'scrapy.extensions.telnet.TelnetConsole',
 'scrapy.extensions.corestats.CoreStats']
2017-11-16 17:11:04 [scrapy.middleware] INFO: Enabled downloader middlewares:
['scrapy.downloadermiddlewares.httpauth.HttpAuthMiddleware',
 'scrapy.downloadermiddlewares.downloadtimeout.DownloadTimeoutMiddleware',
 'scrapy.downloadermiddlewares.defaultheaders.DefaultHeadersMiddleware',
 'crawl.middlewares.middlewares.RotateUserAgentMiddleware',
 'scrapy.downloadermiddlewares.retry.RetryMiddleware',
 'scrapy.downloadermiddlewares.redirect.MetaRefreshMiddleware',
 'scrapy.downloadermiddlewares.redirect.RedirectMiddleware',
 'crawl.middlewares.middlewares.CookiesSaveingMiddleware',
 'scrapy.downloadermiddlewares.cookies.CookiesMiddleware',
 'scrapy_splash.SplashCookiesMiddleware',
 'scrapy_splash.SplashMiddleware',
 'scrapy.downloadermiddlewares.httpproxy.HttpProxyMiddleware',
 'scrapy.downloadermiddlewares.httpcompression.HttpCompressionMiddleware',
 'scrapy.downloadermiddlewares.stats.DownloaderStats']
2017-11-16 17:11:04 [scrapy.middleware] INFO: Enabled spider middlewares:
['scrapy.spidermiddlewares.httperror.HttpErrorMiddleware',
 'scrapy.spidermiddlewares.offsite.OffsiteMiddleware',
 'scrapy.spidermiddlewares.referer.RefererMiddleware',
 'scrapy.spidermiddlewares.urllength.UrlLengthMiddleware',
 'scrapy.spidermiddlewares.depth.DepthMiddleware']
2017-11-16 17:11:04 [scrapy.middleware] INFO: Enabled item pipelines:
['crawl.pipelines.database.DatabasePipeline']
2017-11-16 17:11:04 [scrapy.core.engine] INFO: Spider opened
2017-11-16 17:11:04 [scrapy.extensions.logstats] INFO: Crawled 0 pages (at 0 pages/min), scraped 0 items (at 0 items/min)
2017-11-16 17:11:04 [crawl.middlewares.middlewares] INFO: [Crawl url] https://tj.lianjia.com/ershoufang/houseseerecord?id=101102213671, 
	Current UserAgent: Mozilla/5.0 (Macintosh; Intel Mac OS X 10_8_0) AppleWebKit/536.3 (KHTML, like Gecko) Chrome/19.0.1063.0 Safari/536.3
2017-11-16 17:11:05 [scrapy.core.scraper] ERROR: Spider error processing <GET https://tj.lianjia.com/ershoufang/houseseerecord?id=101102213671> (referer: None)
Traceback (most recent call last):
  File "e:\tool\python\lib\site-packages\scrapy\utils\defer.py", line 102, in iter_errback
    yield next(it)
  File "e:\tool\python\lib\site-packages\scrapy\spidermiddlewares\offsite.py", line 29, in process_spider_output
    for x in result:
  File "e:\tool\python\lib\site-packages\scrapy\spidermiddlewares\referer.py", line 339, in <genexpr>
    return (_set_referer(r) for r in result or ())
  File "e:\tool\python\lib\site-packages\scrapy\spidermiddlewares\urllength.py", line 37, in <genexpr>
    return (r for r in result or () if _filter(r))
  File "e:\tool\python\lib\site-packages\scrapy\spidermiddlewares\depth.py", line 58, in <genexpr>
    return (r for r in result or () if _filter(r))
  File "D:\tutu\spider_captain\crawl\spiders\crawl_lianjia_visited.py", line 32, in parse_feedback
    item['comment'] = agent['comment']
KeyError: 'comment'
2017-11-16 17:11:05 [scrapy.core.engine] INFO: Closing spider (finished)
2017-11-16 17:11:05 [scrapy.statscollectors] INFO: Dumping Scrapy stats:
{'downloader/request_bytes': 364,
 'downloader/request_count': 1,
 'downloader/request_method_count/GET': 1,
 'downloader/response_bytes': 3009,
 'downloader/response_count': 1,
 'downloader/response_status_count/200': 1,
 'finish_reason': 'finished',
 'finish_time': datetime.datetime(2017, 11, 16, 9, 11, 5, 502000),
 'log_count/ERROR': 1,
 'log_count/INFO': 8,
 'response_received_count': 1,
 'scheduler/dequeued': 1,
 'scheduler/dequeued/memory': 1,
 'scheduler/enqueued': 1,
 'scheduler/enqueued/memory': 1,
 'spider_exceptions/KeyError': 1,
 'start_time': datetime.datetime(2017, 11, 16, 9, 11, 4, 791000)}
2017-11-16 17:11:05 [scrapy.core.engine] INFO: Spider closed (finished)
2017-11-16 17:13:04 [scrapy.middleware] INFO: Enabled extensions:
['scrapy.extensions.logstats.LogStats',
 'scrapy.extensions.telnet.TelnetConsole',
 'scrapy.extensions.corestats.CoreStats']
2017-11-16 17:13:04 [scrapy.middleware] INFO: Enabled downloader middlewares:
['scrapy.downloadermiddlewares.httpauth.HttpAuthMiddleware',
 'scrapy.downloadermiddlewares.downloadtimeout.DownloadTimeoutMiddleware',
 'scrapy.downloadermiddlewares.defaultheaders.DefaultHeadersMiddleware',
 'crawl.middlewares.middlewares.RotateUserAgentMiddleware',
 'scrapy.downloadermiddlewares.retry.RetryMiddleware',
 'scrapy.downloadermiddlewares.redirect.MetaRefreshMiddleware',
 'scrapy.downloadermiddlewares.redirect.RedirectMiddleware',
 'crawl.middlewares.middlewares.CookiesSaveingMiddleware',
 'scrapy.downloadermiddlewares.cookies.CookiesMiddleware',
 'scrapy_splash.SplashCookiesMiddleware',
 'scrapy_splash.SplashMiddleware',
 'scrapy.downloadermiddlewares.httpproxy.HttpProxyMiddleware',
 'scrapy.downloadermiddlewares.httpcompression.HttpCompressionMiddleware',
 'scrapy.downloadermiddlewares.stats.DownloaderStats']
2017-11-16 17:13:04 [scrapy.middleware] INFO: Enabled spider middlewares:
['scrapy.spidermiddlewares.httperror.HttpErrorMiddleware',
 'scrapy.spidermiddlewares.offsite.OffsiteMiddleware',
 'scrapy.spidermiddlewares.referer.RefererMiddleware',
 'scrapy.spidermiddlewares.urllength.UrlLengthMiddleware',
 'scrapy.spidermiddlewares.depth.DepthMiddleware']
2017-11-16 17:13:04 [scrapy.middleware] INFO: Enabled item pipelines:
['crawl.pipelines.database.DatabasePipeline']
2017-11-16 17:13:04 [scrapy.core.engine] INFO: Spider opened
2017-11-16 17:13:04 [scrapy.extensions.logstats] INFO: Crawled 0 pages (at 0 pages/min), scraped 0 items (at 0 items/min)
2017-11-16 17:13:04 [crawl.middlewares.middlewares] INFO: [Crawl url] https://tj.lianjia.com/ershoufang/houseseerecord?id=101102213671, 
	Current UserAgent: Mozilla/5.0 (X11; CrOS i686 2268.111.0) AppleWebKit/536.11 (KHTML, like Gecko) Chrome/20.0.1132.57 Safari/536.11
2017-11-16 17:13:04 [scrapy.core.scraper] ERROR: Spider error processing <GET https://tj.lianjia.com/ershoufang/houseseerecord?id=101102213671> (referer: None)
Traceback (most recent call last):
  File "e:\tool\python\lib\site-packages\scrapy\utils\defer.py", line 102, in iter_errback
    yield next(it)
  File "e:\tool\python\lib\site-packages\scrapy\spidermiddlewares\offsite.py", line 29, in process_spider_output
    for x in result:
  File "e:\tool\python\lib\site-packages\scrapy\spidermiddlewares\referer.py", line 339, in <genexpr>
    return (_set_referer(r) for r in result or ())
  File "e:\tool\python\lib\site-packages\scrapy\spidermiddlewares\urllength.py", line 37, in <genexpr>
    return (r for r in result or () if _filter(r))
  File "e:\tool\python\lib\site-packages\scrapy\spidermiddlewares\depth.py", line 58, in <genexpr>
    return (r for r in result or () if _filter(r))
  File "D:\tutu\spider_captain\crawl\spiders\crawl_lianjia_visited.py", line 32, in parse_feedback
    item['comment'] = agent['comment']
KeyError: 'comment'
2017-11-16 17:13:04 [scrapy.core.engine] INFO: Closing spider (finished)
2017-11-16 17:13:04 [scrapy.statscollectors] INFO: Dumping Scrapy stats:
{'downloader/request_bytes': 360,
 'downloader/request_count': 1,
 'downloader/request_method_count/GET': 1,
 'downloader/response_bytes': 3009,
 'downloader/response_count': 1,
 'downloader/response_status_count/200': 1,
 'finish_reason': 'finished',
 'finish_time': datetime.datetime(2017, 11, 16, 9, 13, 4, 855000),
 'log_count/ERROR': 1,
 'log_count/INFO': 8,
 'response_received_count': 1,
 'scheduler/dequeued': 1,
 'scheduler/dequeued/memory': 1,
 'scheduler/enqueued': 1,
 'scheduler/enqueued/memory': 1,
 'spider_exceptions/KeyError': 1,
 'start_time': datetime.datetime(2017, 11, 16, 9, 13, 4, 405000)}
2017-11-16 17:13:04 [scrapy.core.engine] INFO: Spider closed (finished)
2017-11-16 17:16:04 [scrapy.middleware] INFO: Enabled extensions:
['scrapy.extensions.logstats.LogStats',
 'scrapy.extensions.telnet.TelnetConsole',
 'scrapy.extensions.corestats.CoreStats']
2017-11-16 17:16:04 [scrapy.middleware] INFO: Enabled downloader middlewares:
['scrapy.downloadermiddlewares.httpauth.HttpAuthMiddleware',
 'scrapy.downloadermiddlewares.downloadtimeout.DownloadTimeoutMiddleware',
 'scrapy.downloadermiddlewares.defaultheaders.DefaultHeadersMiddleware',
 'crawl.middlewares.middlewares.RotateUserAgentMiddleware',
 'scrapy.downloadermiddlewares.retry.RetryMiddleware',
 'scrapy.downloadermiddlewares.redirect.MetaRefreshMiddleware',
 'scrapy.downloadermiddlewares.redirect.RedirectMiddleware',
 'crawl.middlewares.middlewares.CookiesSaveingMiddleware',
 'scrapy.downloadermiddlewares.cookies.CookiesMiddleware',
 'scrapy_splash.SplashCookiesMiddleware',
 'scrapy_splash.SplashMiddleware',
 'scrapy.downloadermiddlewares.httpproxy.HttpProxyMiddleware',
 'scrapy.downloadermiddlewares.httpcompression.HttpCompressionMiddleware',
 'scrapy.downloadermiddlewares.stats.DownloaderStats']
2017-11-16 17:16:04 [scrapy.middleware] INFO: Enabled spider middlewares:
['scrapy.spidermiddlewares.httperror.HttpErrorMiddleware',
 'scrapy.spidermiddlewares.offsite.OffsiteMiddleware',
 'scrapy.spidermiddlewares.referer.RefererMiddleware',
 'scrapy.spidermiddlewares.urllength.UrlLengthMiddleware',
 'scrapy.spidermiddlewares.depth.DepthMiddleware']
2017-11-16 17:16:04 [scrapy.middleware] INFO: Enabled item pipelines:
['crawl.pipelines.database.DatabasePipeline']
2017-11-16 17:16:04 [scrapy.core.engine] INFO: Spider opened
2017-11-16 17:16:04 [scrapy.extensions.logstats] INFO: Crawled 0 pages (at 0 pages/min), scraped 0 items (at 0 items/min)
2017-11-16 17:16:04 [crawl.middlewares.middlewares] INFO: [Crawl url] https://tj.lianjia.com/ershoufang/houseseerecord?id=101102213671, 
	Current UserAgent: Mozilla/5.0 (X11; Linux x86_64) AppleWebKit/535.24 (KHTML, like Gecko) Chrome/19.0.1055.1 Safari/535.24
2017-11-16 17:16:08 [scrapy.core.scraper] ERROR: Spider error processing <GET https://tj.lianjia.com/ershoufang/houseseerecord?id=101102213671> (referer: None)
Traceback (most recent call last):
  File "e:\tool\python\lib\site-packages\scrapy\utils\defer.py", line 102, in iter_errback
    yield next(it)
  File "e:\tool\python\lib\site-packages\scrapy\spidermiddlewares\offsite.py", line 29, in process_spider_output
    for x in result:
  File "e:\tool\python\lib\site-packages\scrapy\spidermiddlewares\referer.py", line 339, in <genexpr>
    return (_set_referer(r) for r in result or ())
  File "e:\tool\python\lib\site-packages\scrapy\spidermiddlewares\urllength.py", line 37, in <genexpr>
    return (r for r in result or () if _filter(r))
  File "e:\tool\python\lib\site-packages\scrapy\spidermiddlewares\depth.py", line 58, in <genexpr>
    return (r for r in result or () if _filter(r))
  File "D:\tutu\spider_captain\crawl\spiders\crawl_lianjia_visited.py", line 46, in parse_feedback
    item['name'] = agent['agentName']
TypeError: string indices must be integers
2017-11-16 17:16:08 [scrapy.core.engine] INFO: Closing spider (finished)
2017-11-16 17:16:08 [scrapy.statscollectors] INFO: Dumping Scrapy stats:
{'downloader/request_bytes': 351,
 'downloader/request_count': 1,
 'downloader/request_method_count/GET': 1,
 'downloader/response_bytes': 3009,
 'downloader/response_count': 1,
 'downloader/response_status_count/200': 1,
 'finish_reason': 'finished',
 'finish_time': datetime.datetime(2017, 11, 16, 9, 16, 8, 868000),
 'log_count/ERROR': 1,
 'log_count/INFO': 8,
 'response_received_count': 1,
 'scheduler/dequeued': 1,
 'scheduler/dequeued/memory': 1,
 'scheduler/enqueued': 1,
 'scheduler/enqueued/memory': 1,
 'spider_exceptions/TypeError': 1,
 'start_time': datetime.datetime(2017, 11, 16, 9, 16, 4, 263000)}
2017-11-16 17:16:08 [scrapy.core.engine] INFO: Spider closed (finished)
